#
# There is insufficient memory for the Java Runtime Environment to continue.
# Native memory allocation (malloc) failed to allocate 1151376 bytes for Chunk::new
# Possible reasons:
#   The system is out of physical RAM or swap space
#   In 32 bit mode, the process size limit was hit
# Possible solutions:
#   Reduce memory load on the system
#   Increase physical memory or swap space
#   Check if swap backing store is full
#   Use 64 bit Java on a 64 bit OS
#   Decrease Java heap size (-Xmx/-Xms)
#   Decrease number of Java threads
#   Decrease Java thread stack sizes (-Xss)
#   Set larger code cache with -XX:ReservedCodeCacheSize=
# This output file may be truncated or incomplete.
#
#  Out of Memory Error (allocation.cpp:390), pid=2640, tid=0x0000000000005004
#
# JRE version: Java(TM) SE Runtime Environment (8.0_151-b12) (build 1.8.0_151-b12)
# Java VM: Java HotSpot(TM) 64-Bit Server VM (25.151-b12 mixed mode windows-amd64 compressed oops)
# Failed to write core dump. Minidumps are not enabled by default on client versions of Windows
#

---------------  T H R E A D  ---------------

Current thread (0x0000000022d98800):  JavaThread "C2 CompilerThread1" daemon [_thread_in_native, id=20484, stack(0x0000000024510000,0x0000000024610000)]

Stack: [0x0000000024510000,0x0000000024610000]
[error occurred during error reporting (printing stack bounds), id 0xc0000005]

Native frames: (J=compiled Java code, j=interpreted, Vv=VM code, C=native code)


Current CompileTask:
C2:   4727 2692   !   4       org.codehaus.plexus.interpolation.StringSearchInterpolator::interpolate (650 bytes)


---------------  P R O C E S S  ---------------

Java Threads: ( => current thread )
  0x0000000022e2b800 JavaThread "Service Thread" daemon [_thread_blocked, id=37220, stack(0x0000000024810000,0x0000000024910000)]
  0x0000000022d9c000 JavaThread "C1 CompilerThread3" daemon [_thread_blocked, id=30472, stack(0x0000000024710000,0x0000000024810000)]
  0x0000000022d9b800 JavaThread "C2 CompilerThread2" daemon [_thread_blocked, id=29828, stack(0x0000000024610000,0x0000000024710000)]
=>0x0000000022d98800 JavaThread "C2 CompilerThread1" daemon [_thread_in_native, id=20484, stack(0x0000000024510000,0x0000000024610000)]
  0x0000000022d90800 JavaThread "C2 CompilerThread0" daemon [_thread_blocked, id=14784, stack(0x0000000024410000,0x0000000024510000)]
  0x0000000022d8d000 JavaThread "Attach Listener" daemon [_thread_blocked, id=7176, stack(0x0000000024310000,0x0000000024410000)]
  0x0000000022d8a800 JavaThread "Signal Dispatcher" daemon [_thread_blocked, id=7452, stack(0x0000000024210000,0x0000000024310000)]
  0x0000000022d83000 JavaThread "Finalizer" daemon [_thread_blocked, id=32244, stack(0x0000000023fe0000,0x00000000240e0000)]
  0x000000000314b000 JavaThread "Reference Handler" daemon [_thread_blocked, id=27908, stack(0x0000000023ee0000,0x0000000023fe0000)]
  0x0000000002e9e000 JavaThread "main" [_thread_in_native, id=41628, stack(0x0000000002f50000,0x0000000003050000)]

Other Threads:
  0x00000000216a8800 VMThread [stack: 0x0000000023de0000,0x0000000023ee0000] [id=34716]
  0x0000000022da5000 WatcherThread [stack: 0x0000000024a90000,0x0000000024b90000] [id=23896]

VM state:not at safepoint (normal execution)

VM Mutex/Monitor currently owned by a thread: None

Heap:
 PSYoungGen      total 113664K, used 79384K [0x0000000741b00000, 0x0000000749980000, 0x00000007c0000000)
  eden space 97792K, 67% used [0x0000000741b00000,0x0000000745b07910,0x0000000747a80000)
  from space 15872K, 87% used [0x0000000747a80000,0x00000007487fe730,0x0000000748a00000)
  to   space 15872K, 0% used [0x0000000748a00000,0x0000000748a00000,0x0000000749980000)
 ParOldGen       total 259584K, used 16K [0x0000000645000000, 0x0000000654d80000, 0x0000000741b00000)
  object space 259584K, 0% used [0x0000000645000000,0x0000000645004000,0x0000000654d80000)
 Metaspace       used 16233K, capacity 16674K, committed 16896K, reserved 1064960K
  class space    used 1926K, capacity 2022K, committed 2048K, reserved 1048576K

Card table byte_map: [0x0000000012510000,0x00000000130f0000] byte_map_base: 0x000000000f2e8000

Marking Bits: (ParMarkBitMap*) 0x0000000063d3d850
 Begin Bits: [0x00000000142e0000, 0x000000001a1a0000)
 End Bits:   [0x000000001a1a0000, 0x0000000020060000)

Polling page: 0x0000000002380000

CodeCache: size=245760Kb used=9682Kb max_used=9682Kb free=236077Kb
 bounds [0x0000000003150000, 0x0000000003ad0000, 0x0000000012150000]
 total_blobs=3118 nmethods=2757 adapters=273
 compilation: enabled

Compilation events (10 events):
Event: 3.716 Thread 0x0000000022d9c000 nmethod 2753 0x0000000003ace010 code [0x0000000003ace160, 0x0000000003ace270]
Event: 3.716 Thread 0x0000000022d9c000 2755       1       org.apache.maven.model.building.DefaultModelBuildingRequest::getModelBuildingListener (5 bytes)
Event: 3.716 Thread 0x0000000022d9c000 nmethod 2755 0x0000000003ace2d0 code [0x0000000003ace420, 0x0000000003ace530]
Event: 3.719 Thread 0x0000000022d9c000 2756       3       org.apache.maven.model.Model::setContributors (6 bytes)
Event: 3.720 Thread 0x0000000022d9c000 nmethod 2756 0x0000000003ace590 code [0x0000000003ace6e0, 0x0000000003ace850]
Event: 3.720 Thread 0x0000000022d9c000 2757       3       org.apache.maven.model.PluginManagement::<init> (5 bytes)
Event: 3.720 Thread 0x0000000022d9c000 nmethod 2757 0x0000000003ace8d0 code [0x0000000003acea40, 0x0000000003acec50]
Event: 3.720 Thread 0x0000000022d9c000 2758       1       org.eclipse.aether.resolution.ArtifactDescriptorRequest::getTrace (5 bytes)
Event: 3.720 Thread 0x0000000022d9c000 nmethod 2758 0x0000000003aced50 code [0x0000000003aceea0, 0x0000000003acefb0]
Event: 3.721 Thread 0x0000000022d9c000 2759       3       java.nio.charset.CharsetDecoder::replaceWith (68 bytes)

GC Heap History (2 events):
Event: 2.891 GC heap before
{Heap before GC invocations=1 (full 0):
 PSYoungGen      total 113664K, used 97792K [0x0000000741b00000, 0x0000000749980000, 0x00000007c0000000)
  eden space 97792K, 100% used [0x0000000741b00000,0x0000000747a80000,0x0000000747a80000)
  from space 15872K, 0% used [0x0000000748a00000,0x0000000748a00000,0x0000000749980000)
  to   space 15872K, 0% used [0x0000000747a80000,0x0000000747a80000,0x0000000748a00000)
 ParOldGen       total 259584K, used 0K [0x0000000645000000, 0x0000000654d80000, 0x0000000741b00000)
  object space 259584K, 0% used [0x0000000645000000,0x0000000645000000,0x0000000654d80000)
 Metaspace       used 15069K, capacity 15410K, committed 15616K, reserved 1062912K
  class space    used 1841K, capacity 1946K, committed 2048K, reserved 1048576K
Event: 2.899 GC heap after
Heap after GC invocations=1 (full 0):
 PSYoungGen      total 113664K, used 13817K [0x0000000741b00000, 0x0000000749980000, 0x00000007c0000000)
  eden space 97792K, 0% used [0x0000000741b00000,0x0000000741b00000,0x0000000747a80000)
  from space 15872K, 87% used [0x0000000747a80000,0x00000007487fe730,0x0000000748a00000)
  to   space 15872K, 0% used [0x0000000748a00000,0x0000000748a00000,0x0000000749980000)
 ParOldGen       total 259584K, used 16K [0x0000000645000000, 0x0000000654d80000, 0x0000000741b00000)
  object space 259584K, 0% used [0x0000000645000000,0x0000000645004000,0x0000000654d80000)
 Metaspace       used 15069K, capacity 15410K, committed 15616K, reserved 1062912K
  class space    used 1841K, capacity 1946K, committed 2048K, reserved 1048576K
}

Deoptimization events (10 events):
Event: 3.202 Thread 0x0000000002e9e000 Uncommon trap: reason=speculate_class_check action=maybe_recompile pc=0x000000000378f6cc method=java.nio.charset.CharsetDecoder.decode(Ljava/nio/ByteBuffer;Ljava/nio/CharBuffer;Z)Ljava/nio/charset/CoderResult; @ 57
Event: 3.203 Thread 0x0000000002e9e000 Uncommon trap: reason=speculate_class_check action=maybe_recompile pc=0x000000000378f6cc method=java.nio.charset.CharsetDecoder.decode(Ljava/nio/ByteBuffer;Ljava/nio/CharBuffer;Z)Ljava/nio/charset/CoderResult; @ 57
Event: 3.203 Thread 0x0000000002e9e000 Uncommon trap: reason=speculate_class_check action=maybe_recompile pc=0x000000000378f6cc method=java.nio.charset.CharsetDecoder.decode(Ljava/nio/ByteBuffer;Ljava/nio/CharBuffer;Z)Ljava/nio/charset/CoderResult; @ 57
Event: 3.234 Thread 0x0000000002e9e000 Uncommon trap: reason=unstable_if action=reinterpret pc=0x00000000034eeee8 method=java.util.HashMap.hash(Ljava/lang/Object;)I @ 1
Event: 3.235 Thread 0x0000000002e9e000 Uncommon trap: reason=unstable_if action=reinterpret pc=0x000000000346a368 method=java.util.HashMap.hash(Ljava/lang/Object;)I @ 1
Event: 3.235 Thread 0x0000000002e9e000 Uncommon trap: reason=unstable_if action=reinterpret pc=0x00000000034cecd0 method=java.util.HashMap.getNode(ILjava/lang/Object;)Ljava/util/HashMap$Node; @ 53
Event: 3.298 Thread 0x0000000002e9e000 Uncommon trap: reason=class_check action=maybe_recompile pc=0x0000000003619b4c method=com.google.inject.internal.LinkedBindingImpl.acceptTargetVisitor(Lcom/google/inject/spi/BindingTargetVisitor;)Ljava/lang/Object; @ 2
Event: 3.298 Thread 0x0000000002e9e000 Uncommon trap: reason=class_check action=maybe_recompile pc=0x0000000003619b4c method=com.google.inject.internal.LinkedBindingImpl.acceptTargetVisitor(Lcom/google/inject/spi/BindingTargetVisitor;)Ljava/lang/Object; @ 2
Event: 3.302 Thread 0x0000000002e9e000 Uncommon trap: reason=class_check action=maybe_recompile pc=0x0000000003619b4c method=com.google.inject.internal.LinkedBindingImpl.acceptTargetVisitor(Lcom/google/inject/spi/BindingTargetVisitor;)Ljava/lang/Object; @ 2
Event: 3.302 Thread 0x0000000002e9e000 Uncommon trap: reason=class_check action=maybe_recompile pc=0x0000000003619b4c method=com.google.inject.internal.LinkedBindingImpl.acceptTargetVisitor(Lcom/google/inject/spi/BindingTargetVisitor;)Ljava/lang/Object; @ 2

Internal exceptions (10 events):
Event: 2.120 Thread 0x0000000002e9e000 Exception <a 'java/lang/NoClassDefFoundError': javax/annotation/Priority> (0x000000074686c320) thrown at [C:\re\workspace\8-2-build-windows-amd64-cygwin\jdk8u151\9699\hotspot\src\share\vm\classfile\systemDictionary.cpp, line 199]
Event: 2.241 Thread 0x0000000002e9e000 Exception <a 'java/lang/NullPointerException'> (0x0000000747199348) thrown at [C:\re\workspace\8-2-build-windows-amd64-cygwin\jdk8u151\9699\hotspot\src\share\vm\interpreter\linkResolver.cpp, line 1183]
Event: 2.241 Thread 0x0000000002e9e000 Exception <a 'java/lang/NullPointerException'> (0x0000000747199560) thrown at [C:\re\workspace\8-2-build-windows-amd64-cygwin\jdk8u151\9699\hotspot\src\share\vm\interpreter\linkResolver.cpp, line 1183]
Event: 2.241 Thread 0x0000000002e9e000 Exception <a 'java/lang/NullPointerException'> (0x0000000747199778) thrown at [C:\re\workspace\8-2-build-windows-amd64-cygwin\jdk8u151\9699\hotspot\src\share\vm\interpreter\linkResolver.cpp, line 1183]
Event: 2.242 Thread 0x0000000002e9e000 Exception <a 'java/lang/NullPointerException'> (0x00000007471a1d78) thrown at [C:\re\workspace\8-2-build-windows-amd64-cygwin\jdk8u151\9699\hotspot\src\share\vm\interpreter\linkResolver.cpp, line 1183]
Event: 2.242 Thread 0x0000000002e9e000 Exception <a 'java/lang/NullPointerException'> (0x00000007471a1f90) thrown at [C:\re\workspace\8-2-build-windows-amd64-cygwin\jdk8u151\9699\hotspot\src\share\vm\interpreter\linkResolver.cpp, line 1183]
Event: 2.242 Thread 0x0000000002e9e000 Exception <a 'java/lang/NullPointerException'> (0x00000007471a21a8) thrown at [C:\re\workspace\8-2-build-windows-amd64-cygwin\jdk8u151\9699\hotspot\src\share\vm\interpreter\linkResolver.cpp, line 1183]
Event: 2.919 Thread 0x0000000002e9e000 Implicit null exception at 0x000000000372f103 to 0x000000000372f34d
Event: 3.234 Thread 0x0000000002e9e000 Implicit null exception at 0x00000000034eecd5 to 0x00000000034eeed9
Event: 3.235 Thread 0x0000000002e9e000 Implicit null exception at 0x000000000346a2ef to 0x000000000346a359

Events (10 events):
Event: 3.324 loading class org/apache/maven/plugin/clean/Cleaner$Result done
Event: 3.616 loading class java/util/stream/IntStream
Event: 3.616 loading class java/util/stream/BaseStream
Event: 3.617 loading class java/util/stream/BaseStream done
Event: 3.617 loading class java/util/stream/IntStream done
Event: 3.694 Thread 0x0000000002e9e000 DEOPT PACKING pc=0x000000000373769a sp=0x000000000304c910
Event: 3.694 Thread 0x0000000002e9e000 DEOPT UNPACKING pc=0x000000000319787f sp=0x000000000304c678 mode 0
Event: 3.721 loading class org/apache/maven/repository/internal/RelocatedArtifact
Event: 3.721 loading class org/apache/maven/repository/internal/RelocatedArtifact done
Event: 4.163 Executing VM operation: EnableBiasedLocking


Dynamic libraries:
0x00007ff7e5de0000 - 0x00007ff7e5e17000 	C:\Program Files\Java\jdk1.8.0_151\bin\java.exe
0x00007ff864440000 - 0x00007ff8646a3000 	C:\WINDOWS\SYSTEM32\ntdll.dll
0x00007ff862ce0000 - 0x00007ff862da7000 	C:\WINDOWS\System32\KERNEL32.DLL
0x00007ff8617e0000 - 0x00007ff861ba7000 	C:\WINDOWS\System32\KERNELBASE.dll
0x00007ff863800000 - 0x00007ff8638b4000 	C:\WINDOWS\System32\ADVAPI32.dll
0x00007ff8636f0000 - 0x00007ff863799000 	C:\WINDOWS\System32\msvcrt.dll
0x00007ff862280000 - 0x00007ff862326000 	C:\WINDOWS\System32\sechost.dll
0x00007ff862730000 - 0x00007ff862846000 	C:\WINDOWS\System32\RPCRT4.dll
0x00007ff863520000 - 0x00007ff8636e9000 	C:\WINDOWS\System32\USER32.dll
0x00007ff8621c0000 - 0x00007ff8621e7000 	C:\WINDOWS\System32\win32u.dll
0x00007ff863470000 - 0x00007ff86349a000 	C:\WINDOWS\System32\GDI32.dll
0x00007ff862090000 - 0x00007ff8621bb000 	C:\WINDOWS\System32\gdi32full.dll
0x00007ff861bb0000 - 0x00007ff861c53000 	C:\WINDOWS\System32\msvcp_win.dll
0x00007ff861c60000 - 0x00007ff861dac000 	C:\WINDOWS\System32\ucrtbase.dll
0x00007ff83dc10000 - 0x00007ff83dea0000 	C:\WINDOWS\WinSxS\amd64_microsoft.windows.common-controls_6595b64144ccf1df_6.0.26100.3037_none_3e09262ce333c378\COMCTL32.dll
0x00007ff8638d0000 - 0x00007ff8638ff000 	C:\WINDOWS\System32\IMM32.DLL
0x00007ff8566c0000 - 0x00007ff856771000 	C:\Program Files\McAfee\Endpoint Security\Threat Prevention\Ips\EpMPApi.dll
0x00007ff8621f0000 - 0x00007ff86226f000 	C:\WINDOWS\System32\WINTRUST.dll
0x00007ff861db0000 - 0x00007ff861f26000 	C:\WINDOWS\System32\CRYPT32.dll
0x00007ff860ed0000 - 0x00007ff860ee3000 	C:\WINDOWS\SYSTEM32\MSASN1.dll
0x0000000063e90000 - 0x0000000063e9c000 	C:\Program Files\McAfee\Endpoint Security\Threat Prevention\Ips\EpMPThe.dll
0x00007ff8410f0000 - 0x00007ff84114b000 	C:\Program Files\McAfee\Endpoint Security\Threat Prevention\Ips\HIPHandlers64.dll
0x00007ff8637a0000 - 0x00007ff8637fd000 	C:\WINDOWS\System32\SHLWAPI.dll
0x00007ff85fdf0000 - 0x00007ff85fe22000 	C:\WINDOWS\SYSTEM32\IPHLPAPI.DLL
0x00007ff85ee00000 - 0x00007ff85f041000 	C:\WINDOWS\SYSTEM32\dbghelp.dll
0x00007ff863910000 - 0x00007ff863c8e000 	C:\WINDOWS\System32\combase.dll
0x00007ff8624f0000 - 0x00007ff8625c6000 	C:\WINDOWS\System32\OLEAUT32.dll
0x00000000023e0000 - 0x0000000002ae4000 	C:\WINDOWS\System32\SHELL32.dll
0x0000000063440000 - 0x0000000063512000 	C:\Program Files\Java\jdk1.8.0_151\jre\bin\msvcr100.dll
0x0000000063520000 - 0x0000000063dbd000 	C:\Program Files\Java\jdk1.8.0_151\jre\bin\server\jvm.dll
0x00007ff8632e0000 - 0x00007ff8632e8000 	C:\WINDOWS\System32\PSAPI.DLL
0x00007ff833fb0000 - 0x00007ff833fba000 	C:\WINDOWS\SYSTEM32\WSOCK32.dll
0x00007ff83f9d0000 - 0x00007ff83f9db000 	C:\WINDOWS\SYSTEM32\VERSION.dll
0x00007ff863260000 - 0x00007ff8632d4000 	C:\WINDOWS\System32\WS2_32.dll
0x00007ff8489c0000 - 0x00007ff8489f6000 	C:\WINDOWS\SYSTEM32\WINMM.dll
0x00000000633f0000 - 0x00000000633ff000 	C:\Program Files\Java\jdk1.8.0_151\jre\bin\verify.dll
0x00000000633c0000 - 0x00000000633e9000 	C:\Program Files\Java\jdk1.8.0_151\jre\bin\java.dll
0x00000000633a0000 - 0x00000000633b6000 	C:\Program Files\Java\jdk1.8.0_151\jre\bin\zip.dll
0x00007ff85f2a0000 - 0x00007ff85fad7000 	C:\WINDOWS\SYSTEM32\windows.storage.dll
0x00007ff8632f0000 - 0x00007ff8633d9000 	C:\WINDOWS\System32\SHCORE.dll
0x00007ff8616f0000 - 0x00007ff86171e000 	C:\WINDOWS\SYSTEM32\profapi.dll
0x00007ff8562c0000 - 0x00007ff8562ca000 	C:\Program Files\NetBeans-12.2\netbeans\java\maven\lib\jansi-native\windows64\jansi.dll
0x0000000063380000 - 0x000000006339a000 	C:\Program Files\Java\jdk1.8.0_151\jre\bin\net.dll
0x00007ff860ac0000 - 0x00007ff860b2a000 	C:\WINDOWS\system32\mswsock.dll
0x0000000063360000 - 0x0000000063371000 	C:\Program Files\Java\jdk1.8.0_151\jre\bin\nio.dll

VM Arguments:
jvm_args: -Dclassworlds.conf=C:\Program Files\NetBeans-12.2\netbeans\java\maven\bin\..\bin\m2.conf -Dmaven.home=C:\Program Files\NetBeans-12.2\netbeans\java\maven\bin\.. -Dlibrary.jansi.path=C:\Program Files\NetBeans-12.2\netbeans\java\maven\bin\..\lib\jansi-native -Dmaven.multiModuleProjectDirectory=C:\Users\kpaz\Documents\Proyectos\angular\JADM0088 - Restablecimiento de contraseñas\JADM0088B 
java_command: org.codehaus.plexus.classworlds.launcher.Launcher -Dmaven.ext.class.path=C:\Program Files\NetBeans-12.2\netbeans\java\maven-nblib\netbeans-eventspy.jar -Dfile.encoding=UTF-8 clean install
java_class_path (initial): C:\Program Files\NetBeans-12.2\netbeans\java\maven\bin\..\boot\plexus-classworlds-2.6.0.jar
Launcher Type: SUN_STANDARD

Environment Variables:
JAVA_HOME=C:\Program Files\Java\jdk1.8.0_151
PATH=C:\ProgramData\Oracle\Java\javapath;C:\Program Files\Java\jdk1.8.0_202\bin;C:\Program Files\Java\jdk1.8.0_202;C:\Program Files\Java\jre1.8.0_202;C:\orawin11g\jacharry\product\11.2.0\client_1\bin;C:\Oracle\jdk\jre\bin\classic;C:\Oracle\jdk\jre\bin;C:\Oracle\jdk\jre\bin\client;C:\Oracle\jlib;C:\Oracle\bin;C:\Oracle\jre\1.4.2\bin\client;C:\Oracle\jre\1.4.2\bin;C:\Program Files (x86)\Common Files\Oracle\Java\javapath;C:\WINDOWS\system32;C:\WINDOWS;C:\WINDOWS\System32\Wbem;C:\WINDOWS\System32\WindowsPowerShell\v1.0\;C:\WINDOWS\System32\OpenSSH\;C:\Program Files\nodejs\;C:\Program Files\Git\cmd;C:\Users\kpaz\AppData\Roaming\npm;C:\Program Files\nodejs;C:\Program Files\apache-maven-3.8.8\bin;%MAVEN_HOME%\bin;C:\Program Files\Java\jdk1.8.0_202;C:\Program Files\Java\jre1.8.0_202;C:\Users\kpaz\AppData\Local\Microsoft\WindowsApps;C:\Users\kpaz\AppData\Local\Programs\Microsoft VS Code\bin;C:\Users\kpaz\AppData\Roaming\npm;C:\Program Files\nodejs;C:\Program Files\apache-maven-3.8.8\bin;%MAVEN_HOME%\bin;C:\Program Files\Java\jdk1.8.0_202\bin;
USERNAME=kpaz
OS=Windows_NT
PROCESSOR_IDENTIFIER=Intel64 Family 6 Model 186 Stepping 3, GenuineIntel



---------------  S Y S T E M  ---------------

OS: Windows 10.0 , 64 bit Build 26100 (10.0.26100.3037)

CPU:total 12 (initial active 12) (6 cores per cpu, 2 threads per core) family 6 model 186 stepping 3, cmov, cx8, fxsr, mmx, sse, sse2, sse3, ssse3, sse4.1, sse4.2, popcnt, avx, avx2, aes, clmul, erms, 3dnowpref, lzcnt, ht, tsc, tscinvbit, bmi1, bmi2, adx

Memory: 4k page, physical 24831140k(5908340k free), swap 29015204k(16296k free)

vm_info: Java HotSpot(TM) 64-Bit Server VM (25.151-b12) for windows-amd64 JRE (1.8.0_151-b12), built on Sep  5 2017 19:33:46 by "java_re" with MS VC++ 10.0 (VS2010)

time: Thu Feb 20 09:42:31 2025
elapsed time: 4 seconds (0d 0h 0m 4s)

