#
# There is insufficient memory for the Java Runtime Environment to continue.
# Native memory allocation (malloc) failed to allocate 1901216 bytes for Chunk::new
# Possible reasons:
#   The system is out of physical RAM or swap space
#   In 32 bit mode, the process size limit was hit
# Possible solutions:
#   Reduce memory load on the system
#   Increase physical memory or swap space
#   Check if swap backing store is full
#   Use 64 bit Java on a 64 bit OS
#   Decrease Java heap size (-Xmx/-Xms)
#   Decrease number of Java threads
#   Decrease Java thread stack sizes (-Xss)
#   Set larger code cache with -XX:ReservedCodeCacheSize=
# This output file may be truncated or incomplete.
#
#  Out of Memory Error (allocation.cpp:390), pid=43496, tid=0x000000000000214c
#
# JRE version: Java(TM) SE Runtime Environment (8.0_151-b12) (build 1.8.0_151-b12)
# Java VM: Java HotSpot(TM) 64-Bit Server VM (25.151-b12 mixed mode windows-amd64 compressed oops)
# Failed to write core dump. Minidumps are not enabled by default on client versions of Windows
#

---------------  T H R E A D  ---------------

Current thread (0x0000000022c58800):  JavaThread "C2 CompilerThread1" daemon [_thread_in_native, id=8524, stack(0x00000000243e0000,0x00000000244e0000)]

Stack: [0x00000000243e0000,0x00000000244e0000]
[error occurred during error reporting (printing stack bounds), id 0xc0000005]

Native frames: (J=compiled Java code, j=interpreted, Vv=VM code, C=native code)


Current CompileTask:
C2:   1258 1515       4       java.net.URLClassLoader$1::run (5 bytes)


---------------  P R O C E S S  ---------------

Java Threads: ( => current thread )
  0x0000000022c6d800 JavaThread "Service Thread" daemon [_thread_blocked, id=35404, stack(0x00000000246e0000,0x00000000247e0000)]
  0x0000000022c5c000 JavaThread "C1 CompilerThread3" daemon [_thread_blocked, id=41724, stack(0x00000000245e0000,0x00000000246e0000)]
  0x0000000022c5b800 JavaThread "C2 CompilerThread2" daemon [_thread_blocked, id=27772, stack(0x00000000244e0000,0x00000000245e0000)]
=>0x0000000022c58800 JavaThread "C2 CompilerThread1" daemon [_thread_in_native, id=8524, stack(0x00000000243e0000,0x00000000244e0000)]
  0x0000000022c50800 JavaThread "C2 CompilerThread0" daemon [_thread_in_native, id=22424, stack(0x00000000242e0000,0x00000000243e0000)]
  0x0000000022c4e000 JavaThread "Attach Listener" daemon [_thread_blocked, id=20504, stack(0x00000000241e0000,0x00000000242e0000)]
  0x0000000022c4a800 JavaThread "Signal Dispatcher" daemon [_thread_blocked, id=30912, stack(0x00000000240e0000,0x00000000241e0000)]
  0x0000000022c43800 JavaThread "Finalizer" daemon [_thread_blocked, id=39920, stack(0x0000000023eb0000,0x0000000023fb0000)]
  0x000000000300b000 JavaThread "Reference Handler" daemon [_thread_blocked, id=43740, stack(0x0000000023db0000,0x0000000023eb0000)]
  0x0000000002e0e800 JavaThread "main" [_thread_in_native, id=7884, stack(0x0000000002e10000,0x0000000002f10000)]

Other Threads:
  0x0000000021568800 VMThread [stack: 0x0000000023cb0000,0x0000000023db0000] [id=43004]
  0x0000000022ce0800 WatcherThread [stack: 0x0000000024960000,0x0000000024a60000] [id=43188]

VM state:not at safepoint (normal execution)

VM Mutex/Monitor currently owned by a thread: None

Heap:
 PSYoungGen      total 113664K, used 93885K [0x0000000741b00000, 0x0000000749980000, 0x00000007c0000000)
  eden space 97792K, 96% used [0x0000000741b00000,0x00000007476af608,0x0000000747a80000)
  from space 15872K, 0% used [0x0000000748a00000,0x0000000748a00000,0x0000000749980000)
  to   space 15872K, 0% used [0x0000000747a80000,0x0000000747a80000,0x0000000748a00000)
 ParOldGen       total 259584K, used 0K [0x0000000645000000, 0x0000000654d80000, 0x0000000741b00000)
  object space 259584K, 0% used [0x0000000645000000,0x0000000645000000,0x0000000654d80000)
 Metaspace       used 14604K, capacity 14898K, committed 14976K, reserved 1062912K
  class space    used 1793K, capacity 1882K, committed 1920K, reserved 1048576K

Card table byte_map: [0x00000000123d0000,0x0000000012fb0000] byte_map_base: 0x000000000f1a8000

Marking Bits: (ParMarkBitMap*) 0x000000007643d850
 Begin Bits: [0x00000000141a0000, 0x000000001a060000)
 End Bits:   [0x000000001a060000, 0x000000001ff20000)

Polling page: 0x0000000002d00000

CodeCache: size=245760Kb used=5539Kb max_used=5552Kb free=240220Kb
 bounds [0x0000000003010000, 0x0000000003590000, 0x0000000012010000]
 total_blobs=1958 nmethods=1612 adapters=258
 compilation: enabled

Compilation events (10 events):
Event: 0.800 Thread 0x0000000022c5c000 nmethod 1610 0x0000000003579290 code [0x00000000035794a0, 0x000000000357a118]
Event: 0.800 Thread 0x0000000022c5c000 1611   !   3       java.io.PrintStream::write (69 bytes)
Event: 0.800 Thread 0x0000000022c5c000 nmethod 1611 0x000000000357a650 code [0x000000000357a820, 0x000000000357af98]
Event: 0.800 Thread 0x0000000022c5c000 1612  s    3       java.io.BufferedOutputStream::write (67 bytes)
Event: 0.801 Thread 0x0000000022c5c000 nmethod 1612 0x000000000357b390 code [0x000000000357b560, 0x000000000357bdb8]
Event: 0.801 Thread 0x0000000022c5c000 1613       3       java.io.FileOutputStream::write (12 bytes)
Event: 0.801 Thread 0x0000000022c5c000 nmethod 1613 0x000000000357c090 code [0x000000000357c200, 0x000000000357c388]
Event: 0.802 Thread 0x0000000022c5c000 1615       1       java.io.OutputStream::flush (1 bytes)
Event: 0.802 Thread 0x0000000022c5c000 nmethod 1615 0x000000000357c450 code [0x000000000357c5a0, 0x000000000357c6b0]
Event: 0.803 Thread 0x0000000022c5b800 nmethod 1607 0x000000000357fa10 code [0x000000000357fb60, 0x0000000003580238]

GC Heap History (0 events):
No events

Deoptimization events (9 events):
Event: 0.203 Thread 0x0000000002e0e800 Uncommon trap: reason=unstable_if action=reinterpret pc=0x000000000318110c method=java.lang.String.indexOf([CII[CIII)I @ 3
Event: 0.321 Thread 0x0000000002e0e800 Uncommon trap: reason=unstable_if action=reinterpret pc=0x00000000032d4a2c method=org.codehaus.plexus.util.xml.pull.MXParser.nextImpl()I @ 241
Event: 0.347 Thread 0x0000000002e0e800 Uncommon trap: reason=unstable_if action=reinterpret pc=0x0000000003278c1c method=java.util.HashMap.getNode(ILjava/lang/Object;)Ljava/util/HashMap$Node; @ 129
Event: 0.347 Thread 0x0000000002e0e800 Uncommon trap: reason=unstable_if action=reinterpret pc=0x000000000326d9c4 method=java.util.HashMap.getNode(ILjava/lang/Object;)Ljava/util/HashMap$Node; @ 129
Event: 0.353 Thread 0x0000000002e0e800 Uncommon trap: reason=range_check action=make_not_entrant pc=0x0000000003312328 method=sun.reflect.generics.parser.SignatureParser.current()C @ 34
Event: 0.689 Thread 0x0000000002e0e800 Uncommon trap: reason=unstable_if action=reinterpret pc=0x00000000034f8318 method=org.eclipse.sisu.inject.InjectorBindings.isAssignableFrom(Lcom/google/inject/TypeLiteral;Lcom/google/inject/Binding;)Z @ 14
Event: 0.765 Thread 0x0000000002e0e800 Uncommon trap: reason=unstable_if action=reinterpret pc=0x0000000003210d88 method=sun.misc.MetaIndex.mayContain(Ljava/lang/String;)Z @ 38
Event: 0.775 Thread 0x0000000002e0e800 Uncommon trap: reason=unstable_if action=reinterpret pc=0x00000000031aabc0 method=java.lang.String.replace(CC)Ljava/lang/String; @ 2
Event: 0.778 Thread 0x0000000002e0e800 Uncommon trap: reason=unstable_if action=reinterpret pc=0x0000000003451f20 method=java.lang.String.substring(I)Ljava/lang/String; @ 35

Internal exceptions (10 events):
Event: 0.353 Thread 0x0000000002e0e800 Exception <a 'java/lang/ArrayIndexOutOfBoundsException': 66> (0x0000000743cc1e60) thrown at [C:\re\workspace\8-2-build-windows-amd64-cygwin\jdk8u151\9699\hotspot\src\share\vm\interpreter\interpreterRuntime.cpp, line 366]
Event: 0.630 Thread 0x0000000002e0e800 Exception <a 'java/lang/NoClassDefFoundError': com/google/inject/servlet/ServletModuleTargetVisitor> (0x0000000746765630) thrown at [C:\re\workspace\8-2-build-windows-amd64-cygwin\jdk8u151\9699\hotspot\src\share\vm\classfile\systemDictionary.cpp, line 199
Event: 0.630 Thread 0x0000000002e0e800 Exception <a 'java/lang/NoClassDefFoundError'> (0x0000000746765630) thrown at [C:\re\workspace\8-2-build-windows-amd64-cygwin\jdk8u151\9699\hotspot\src\share\vm\prims\jvm.cpp, line 1394]
Event: 0.630 Thread 0x0000000002e0e800 Exception <a 'java/lang/NoClassDefFoundError': javax/annotation/Priority> (0x000000074676a708) thrown at [C:\re\workspace\8-2-build-windows-amd64-cygwin\jdk8u151\9699\hotspot\src\share\vm\classfile\systemDictionary.cpp, line 199]
Event: 0.734 Thread 0x0000000002e0e800 Exception <a 'java/lang/NullPointerException'> (0x0000000747097318) thrown at [C:\re\workspace\8-2-build-windows-amd64-cygwin\jdk8u151\9699\hotspot\src\share\vm\interpreter\linkResolver.cpp, line 1183]
Event: 0.734 Thread 0x0000000002e0e800 Exception <a 'java/lang/NullPointerException'> (0x0000000747097530) thrown at [C:\re\workspace\8-2-build-windows-amd64-cygwin\jdk8u151\9699\hotspot\src\share\vm\interpreter\linkResolver.cpp, line 1183]
Event: 0.734 Thread 0x0000000002e0e800 Exception <a 'java/lang/NullPointerException'> (0x0000000747097748) thrown at [C:\re\workspace\8-2-build-windows-amd64-cygwin\jdk8u151\9699\hotspot\src\share\vm\interpreter\linkResolver.cpp, line 1183]
Event: 0.735 Thread 0x0000000002e0e800 Exception <a 'java/lang/NullPointerException'> (0x000000074709fd48) thrown at [C:\re\workspace\8-2-build-windows-amd64-cygwin\jdk8u151\9699\hotspot\src\share\vm\interpreter\linkResolver.cpp, line 1183]
Event: 0.735 Thread 0x0000000002e0e800 Exception <a 'java/lang/NullPointerException'> (0x000000074709ff60) thrown at [C:\re\workspace\8-2-build-windows-amd64-cygwin\jdk8u151\9699\hotspot\src\share\vm\interpreter\linkResolver.cpp, line 1183]
Event: 0.735 Thread 0x0000000002e0e800 Exception <a 'java/lang/NullPointerException'> (0x00000007470a0178) thrown at [C:\re\workspace\8-2-build-windows-amd64-cygwin\jdk8u151\9699\hotspot\src\share\vm\interpreter\linkResolver.cpp, line 1183]

Events (10 events):
Event: 0.797 loading class org/eclipse/aether/util/repository/ChainedWorkspaceReader
Event: 0.797 loading class org/eclipse/aether/util/repository/ChainedWorkspaceReader done
Event: 0.797 loading class org/apache/maven/execution/MavenSession
Event: 0.797 loading class org/apache/maven/execution/MavenSession done
Event: 0.798 loading class org/codehaus/plexus/PlexusContainer
Event: 0.798 loading class org/codehaus/plexus/PlexusContainer done
Event: 0.798 loading class org/netbeans/shaded/json/simple/JSONArray
Event: 0.798 loading class org/netbeans/shaded/json/simple/JSONArray done
Event: 0.798 loading class org/codehaus/plexus/classworlds/realm/ClassRealm
Event: 0.798 loading class org/codehaus/plexus/classworlds/realm/ClassRealm done


Dynamic libraries:
0x00007ff6862e0000 - 0x00007ff686317000 	C:\Program Files\Java\jdk1.8.0_151\bin\java.exe
0x00007ff8e5830000 - 0x00007ff8e5a47000 	C:\Windows\SYSTEM32\ntdll.dll
0x00007ff8e4130000 - 0x00007ff8e41f4000 	C:\Windows\System32\KERNEL32.DLL
0x00007ff8e2d00000 - 0x00007ff8e30b7000 	C:\Windows\System32\KERNELBASE.dll
0x00007ff8e4cf0000 - 0x00007ff8e4da2000 	C:\Windows\System32\ADVAPI32.dll
0x00007ff8e3560000 - 0x00007ff8e3607000 	C:\Windows\System32\msvcrt.dll
0x00007ff8e4730000 - 0x00007ff8e47d8000 	C:\Windows\System32\sechost.dll
0x00007ff8e3180000 - 0x00007ff8e31a8000 	C:\Windows\System32\bcrypt.dll
0x00007ff8e4010000 - 0x00007ff8e4124000 	C:\Windows\System32\RPCRT4.dll
0x00007ff8e3c00000 - 0x00007ff8e3daf000 	C:\Windows\System32\USER32.dll
0x00007ff8e3440000 - 0x00007ff8e3466000 	C:\Windows\System32\win32u.dll
0x00007ff8e37b0000 - 0x00007ff8e37d9000 	C:\Windows\System32\GDI32.dll
0x00007ff8e3320000 - 0x00007ff8e3438000 	C:\Windows\System32\gdi32full.dll
0x00007ff8e2c60000 - 0x00007ff8e2cfa000 	C:\Windows\System32\msvcp_win.dll
0x00007ff8e2b40000 - 0x00007ff8e2c51000 	C:\Windows\System32\ucrtbase.dll
0x00007ff8c9680000 - 0x00007ff8c9913000 	C:\Windows\WinSxS\amd64_microsoft.windows.common-controls_6595b64144ccf1df_6.0.22621.3672_none_2713b9d173822955\COMCTL32.dll
0x00007ff8e3f40000 - 0x00007ff8e3f71000 	C:\Windows\System32\IMM32.DLL
0x00007ff896ba0000 - 0x00007ff896c51000 	C:\Program Files\McAfee\Endpoint Security\Threat Prevention\Ips\EpMPApi.dll
0x00007ff8e3470000 - 0x00007ff8e34dc000 	C:\Windows\System32\WINTRUST.dll
0x00007ff8e31b0000 - 0x00007ff8e3316000 	C:\Windows\System32\CRYPT32.dll
0x00007ff8e22f0000 - 0x00007ff8e2302000 	C:\Windows\SYSTEM32\MSASN1.dll
0x0000000076590000 - 0x000000007659c000 	C:\Program Files\McAfee\Endpoint Security\Threat Prevention\Ips\EpMPThe.dll
0x00007ff8a8420000 - 0x00007ff8a847c000 	C:\Program Files\McAfee\Endpoint Security\Threat Prevention\Ips\HIPHandlers64.dll
0x00007ff8e4f80000 - 0x00007ff8e57e9000 	C:\Windows\System32\SHELL32.dll
0x00007ff8e4c10000 - 0x00007ff8e4c6e000 	C:\Windows\System32\SHLWAPI.dll
0x00007ff8e13d0000 - 0x00007ff8e13fd000 	C:\Windows\SYSTEM32\IPHLPAPI.DLL
0x00007ff8e0150000 - 0x00007ff8e0382000 	C:\Windows\SYSTEM32\dbghelp.dll
0x00007ff8e3870000 - 0x00007ff8e3bfe000 	C:\Windows\System32\combase.dll
0x00007ff8e3db0000 - 0x00007ff8e3e87000 	C:\Windows\System32\OLEAUT32.dll
0x0000000075b40000 - 0x0000000075c12000 	C:\Program Files\Java\jdk1.8.0_151\jre\bin\msvcr100.dll
0x0000000075c20000 - 0x00000000764bd000 	C:\Program Files\Java\jdk1.8.0_151\jre\bin\server\jvm.dll
0x00007ff8e47e0000 - 0x00007ff8e47e8000 	C:\Windows\System32\PSAPI.DLL
0x00007ff8c2430000 - 0x00007ff8c2439000 	C:\Windows\SYSTEM32\WSOCK32.dll
0x00007ff8e37e0000 - 0x00007ff8e3851000 	C:\Windows\System32\WS2_32.dll
0x00007ff8dbf40000 - 0x00007ff8dbf74000 	C:\Windows\SYSTEM32\WINMM.dll
0x00007ff8c86b0000 - 0x00007ff8c86ba000 	C:\Windows\SYSTEM32\VERSION.dll
0x0000000075af0000 - 0x0000000075aff000 	C:\Program Files\Java\jdk1.8.0_151\jre\bin\verify.dll
0x0000000075ac0000 - 0x0000000075ae9000 	C:\Program Files\Java\jdk1.8.0_151\jre\bin\java.dll
0x0000000075aa0000 - 0x0000000075ab6000 	C:\Program Files\Java\jdk1.8.0_151\jre\bin\zip.dll
0x00007ff8e0880000 - 0x00007ff8e117f000 	C:\Windows\SYSTEM32\windows.storage.dll
0x00007ff8e0740000 - 0x00007ff8e087f000 	C:\Windows\SYSTEM32\wintypes.dll
0x00007ff8e47f0000 - 0x00007ff8e48e9000 	C:\Windows\System32\SHCORE.dll
0x00007ff8e2a70000 - 0x00007ff8e2a97000 	C:\Windows\SYSTEM32\profapi.dll
0x00007ff8d6c30000 - 0x00007ff8d6c3a000 	C:\Program Files\NetBeans-12.2\netbeans\java\maven\lib\jansi-native\windows64\jansi.dll

VM Arguments:
jvm_args: -Dclassworlds.conf=C:\Program Files\NetBeans-12.2\netbeans\java\maven\bin\..\bin\m2.conf -Dmaven.home=C:\Program Files\NetBeans-12.2\netbeans\java\maven\bin\.. -Dlibrary.jansi.path=C:\Program Files\NetBeans-12.2\netbeans\java\maven\bin\..\lib\jansi-native -Dmaven.multiModuleProjectDirectory=C:\Users\kpaz\Documents\Proyectos\angular\JADM0088 - Restablecimiento de contraseñas\JADM0088B 
java_command: org.codehaus.plexus.classworlds.launcher.Launcher -Dmaven.ext.class.path=C:\Program Files\NetBeans-12.2\netbeans\java\maven-nblib\netbeans-eventspy.jar -Dfile.encoding=UTF-8 clean install
java_class_path (initial): C:\Program Files\NetBeans-12.2\netbeans\java\maven\bin\..\boot\plexus-classworlds-2.6.0.jar
Launcher Type: SUN_STANDARD

Environment Variables:
JAVA_HOME=C:\Program Files\Java\jdk1.8.0_151
PATH=C:\ProgramData\Oracle\Java\javapath;C:\Program Files\Java\jdk1.8.0_202\bin;C:\Program Files\Java\jdk1.8.0_202;C:\Program Files\Java\jre1.8.0_202;C:\orawin11g\jacharry\product\11.2.0\client_1\bin;C:\Oracle\jdk\jre\bin\classic;C:\Oracle\jdk\jre\bin;C:\Oracle\jdk\jre\bin\client;C:\Oracle\jlib;C:\Oracle\bin;C:\Oracle\jre\1.4.2\bin\client;C:\Oracle\jre\1.4.2\bin;C:\Program Files (x86)\Common Files\Oracle\Java\javapath;C:\Windows\system32;C:\Windows;C:\Windows\System32\Wbem;C:\Windows\System32\WindowsPowerShell\v1.0\;C:\Windows\System32\OpenSSH\;C:\Program Files\nodejs\;C:\Program Files\Git\cmd;C:\Users\kpaz\AppData\Roaming\npm;C:\Program Files\nodejs;C:\Program Files\apache-maven-3.8.8\bin;%MAVEN_HOME%\bin;C:\Program Files\Java\jdk1.8.0_202;C:\Program Files\Java\jre1.8.0_202;C:\Users\kpaz\AppData\Local\Microsoft\WindowsApps;C:\Users\kpaz\AppData\Local\Programs\Microsoft VS Code\bin;C:\Users\kpaz\AppData\Roaming\npm;C:\Program Files\nodejs;C:\Program Files\apache-maven-3.8.8\bin;%MAVEN_HOME%\bin;C:\Program Files\Java\jdk1.8.0_202\bin;
USERNAME=kpaz
OS=Windows_NT
PROCESSOR_IDENTIFIER=Intel64 Family 6 Model 186 Stepping 3, GenuineIntel



---------------  S Y S T E M  ---------------

OS: Windows 10.0 , 64 bit Build 22621 (10.0.22621.3958)

CPU:total 12 (initial active 12) (6 cores per cpu, 2 threads per core) family 6 model 186 stepping 3, cmov, cx8, fxsr, mmx, sse, sse2, sse3, ssse3, sse4.1, sse4.2, popcnt, avx, avx2, aes, clmul, erms, 3dnowpref, lzcnt, ht, tsc, tscinvbit, bmi1, bmi2, adx

Memory: 4k page, physical 24831140k(2174480k free), swap 29015204k(5564k free)

vm_info: Java HotSpot(TM) 64-Bit Server VM (25.151-b12) for windows-amd64 JRE (1.8.0_151-b12), built on Sep  5 2017 19:33:46 by "java_re" with MS VC++ 10.0 (VS2010)

time: Fri Nov 08 13:13:01 2024
elapsed time: 1 seconds (0d 0h 0m 1s)

