#
# There is insufficient memory for the Java Runtime Environment to continue.
# Native memory allocation (malloc) failed to allocate 1048576 bytes for AllocateHeap
# Possible reasons:
#   The system is out of physical RAM or swap space
#   In 32 bit mode, the process size limit was hit
# Possible solutions:
#   Reduce memory load on the system
#   Increase physical memory or swap space
#   Check if swap backing store is full
#   Use 64 bit Java on a 64 bit OS
#   Decrease Java heap size (-Xmx/-Xms)
#   Decrease number of Java threads
#   Decrease Java thread stack sizes (-Xss)
#   Set larger code cache with -XX:ReservedCodeCacheSize=
# This output file may be truncated or incomplete.
#
#  Out of Memory Error (memory/allocation.inline.hpp:61), pid=34580, tid=0x0000000000003af0
#
# JRE version:  (8.0_151-b12) (build )
# Java VM: Java HotSpot(TM) 64-Bit Server VM (25.151-b12 mixed mode windows-amd64 compressed oops)
# Failed to write core dump. Minidumps are not enabled by default on client versions of Windows
#

---------------  T H R E A D  ---------------

Current thread (0x0000000002ffe000):  JavaThread "Unknown thread" [_thread_in_vm, id=15088, stack(0x0000000003000000,0x0000000003100000)]

Stack: [0x0000000003000000,0x0000000003100000]
[error occurred during error reporting (printing stack bounds), id 0xc0000005]

Native frames: (J=compiled Java code, j=interpreted, Vv=VM code, C=native code)


---------------  P R O C E S S  ---------------

Java Threads: ( => current thread )

Other Threads:

=>0x0000000002ffe000 (exited) JavaThread "Unknown thread" [_thread_in_vm, id=15088, stack(0x0000000003000000,0x0000000003100000)]

VM state:not at safepoint (normal execution)

VM Mutex/Monitor currently owned by a thread: None

Heap:
 PSYoungGen      total 113664K, used 1955K [0x0000000741b00000, 0x0000000749980000, 0x00000007c0000000)
  eden space 97792K, 2% used [0x0000000741b00000,0x0000000741ce8f68,0x0000000747a80000)
  from space 15872K, 0% used [0x0000000748a00000,0x0000000748a00000,0x0000000749980000)
  to   space 15872K, 0% used [0x0000000747a80000,0x0000000747a80000,0x0000000748a00000)
 ParOldGen       total 259584K, used 0K [0x0000000645000000, 0x0000000654d80000, 0x0000000741b00000)
  object space 259584K, 0% used [0x0000000645000000,0x0000000645000000,0x0000000654d80000)
 Metaspace       used 770K, capacity 4480K, committed 4480K, reserved 1056768K
  class space    used 75K, capacity 384K, committed 384K, reserved 1048576K

Card table byte_map: [0x00000000125c0000,0x00000000131a0000] byte_map_base: 0x000000000f398000

Marking Bits: (ParMarkBitMap*) 0x000000006a69d850
 Begin Bits: [0x0000000014390000, 0x000000001a250000)
 End Bits:   [0x000000001a250000, 0x0000000020110000)

Polling page: 0x00000000012f0000

CodeCache: size=245760Kb used=328Kb max_used=328Kb free=245431Kb
 bounds [0x0000000003200000, 0x0000000003470000, 0x0000000012200000]
 total_blobs=58 nmethods=0 adapters=38
 compilation: enabled

Compilation events (0 events):
No events

GC Heap History (0 events):
No events

Deoptimization events (0 events):
No events

Internal exceptions (0 events):
No events

Events (10 events):
Event: 0.016 loading class java/lang/Short
Event: 0.016 loading class java/lang/Short done
Event: 0.016 loading class java/lang/Integer
Event: 0.016 loading class java/lang/Integer done
Event: 0.016 loading class java/lang/Long
Event: 0.016 loading class java/lang/Long done
Event: 0.016 loading class java/lang/NullPointerException
Event: 0.017 loading class java/lang/NullPointerException done
Event: 0.017 loading class java/lang/ArithmeticException
Event: 0.017 loading class java/lang/ArithmeticException done


Dynamic libraries:
0x00007ff7f49e0000 - 0x00007ff7f4a17000 	C:\Program Files\Java\jdk1.8.0_151\bin\java.exe
0x00007ffa33390000 - 0x00007ffa335a7000 	C:\Windows\SYSTEM32\ntdll.dll
0x00007ffa32100000 - 0x00007ffa321c4000 	C:\Windows\System32\KERNEL32.DLL
0x00007ffa30c10000 - 0x00007ffa30fca000 	C:\Windows\System32\KERNELBASE.dll
0x00007ffa31270000 - 0x00007ffa31322000 	C:\Windows\System32\ADVAPI32.dll
0x00007ffa31d30000 - 0x00007ffa31dd7000 	C:\Windows\System32\msvcrt.dll
0x00007ffa33160000 - 0x00007ffa33207000 	C:\Windows\System32\sechost.dll
0x00007ffa30fd0000 - 0x00007ffa30ff8000 	C:\Windows\System32\bcrypt.dll
0x00007ffa31bf0000 - 0x00007ffa31d04000 	C:\Windows\System32\RPCRT4.dll
0x00007ffa31de0000 - 0x00007ffa31f8e000 	C:\Windows\System32\USER32.dll
0x00007ffa30be0000 - 0x00007ffa30c06000 	C:\Windows\System32\win32u.dll
0x00007ffa31bb0000 - 0x00007ffa31bd9000 	C:\Windows\System32\GDI32.dll
0x00007ffa30950000 - 0x00007ffa30a6b000 	C:\Windows\System32\gdi32full.dll
0x00007ffa30710000 - 0x00007ffa307aa000 	C:\Windows\System32\msvcp_win.dll
0x00007ffa307b0000 - 0x00007ffa308c1000 	C:\Windows\System32\ucrtbase.dll
0x00007ffa1cc00000 - 0x00007ffa1ce92000 	C:\Windows\WinSxS\amd64_microsoft.windows.common-controls_6595b64144ccf1df_6.0.22621.4541_none_2710d1c57384c085\COMCTL32.dll
0x00007ffa32b20000 - 0x00007ffa32b51000 	C:\Windows\System32\IMM32.DLL
0x00007ff9fa5a0000 - 0x00007ff9fa651000 	C:\Program Files\McAfee\Endpoint Security\Threat Prevention\Ips\EpMPApi.dll
0x00007ffa31000000 - 0x00007ffa31072000 	C:\Windows\System32\WINTRUST.dll
0x00007ffa30a70000 - 0x00007ffa30bd6000 	C:\Windows\System32\CRYPT32.dll
0x00007ffa2fe00000 - 0x00007ffa2fe12000 	C:\Windows\SYSTEM32\MSASN1.dll
0x000000006a7f0000 - 0x000000006a7fc000 	C:\Program Files\McAfee\Endpoint Security\Threat Prevention\Ips\EpMPThe.dll
0x00007ffa067c0000 - 0x00007ffa0681b000 	C:\Program Files\McAfee\Endpoint Security\Threat Prevention\Ips\HIPHandlers64.dll
0x00007ffa32250000 - 0x00007ffa32ac9000 	C:\Windows\System32\SHELL32.dll
0x00007ffa321f0000 - 0x00007ffa3224e000 	C:\Windows\System32\SHLWAPI.dll
0x00007ffa2eec0000 - 0x00007ffa2eeed000 	C:\Windows\SYSTEM32\IPHLPAPI.DLL
0x00007ffa2dc80000 - 0x00007ffa2deb2000 	C:\Windows\SYSTEM32\dbghelp.dll
0x00007ffa31800000 - 0x00007ffa31b91000 	C:\Windows\System32\combase.dll
0x00007ffa32020000 - 0x00007ffa320f7000 	C:\Windows\System32\OLEAUT32.dll
0x0000000069da0000 - 0x0000000069e72000 	C:\Program Files\Java\jdk1.8.0_151\jre\bin\msvcr100.dll
0x0000000069e80000 - 0x000000006a71d000 	C:\Program Files\Java\jdk1.8.0_151\jre\bin\server\jvm.dll
0x00007ffa32c60000 - 0x00007ffa32c68000 	C:\Windows\System32\PSAPI.DLL
0x00007ffa1c3f0000 - 0x00007ffa1c3f9000 	C:\Windows\SYSTEM32\WSOCK32.dll
0x00007ffa31080000 - 0x00007ffa310f1000 	C:\Windows\System32\WS2_32.dll
0x00007ffa28320000 - 0x00007ffa28354000 	C:\Windows\SYSTEM32\WINMM.dll
0x00007ffa25e00000 - 0x00007ffa25e0a000 	C:\Windows\SYSTEM32\VERSION.dll
0x0000000069d50000 - 0x0000000069d5f000 	C:\Program Files\Java\jdk1.8.0_151\jre\bin\verify.dll
0x0000000069d20000 - 0x0000000069d49000 	C:\Program Files\Java\jdk1.8.0_151\jre\bin\java.dll
0x0000000069d00000 - 0x0000000069d16000 	C:\Program Files\Java\jdk1.8.0_151\jre\bin\zip.dll

VM Arguments:
jvm_args: -Dclassworlds.conf=C:\Program Files\NetBeans-12.2\netbeans\java\maven\bin\..\bin\m2.conf -Dmaven.home=C:\Program Files\NetBeans-12.2\netbeans\java\maven\bin\.. -Dlibrary.jansi.path=C:\Program Files\NetBeans-12.2\netbeans\java\maven\bin\..\lib\jansi-native -Dmaven.multiModuleProjectDirectory=C:\Users\kpaz\Documents\Proyectos\angular\JADM0088 - Restablecimiento de contraseñas\JADM0088B 
java_command: org.codehaus.plexus.classworlds.launcher.Launcher -Dnetbeans.deploy.debugmode=true -Dnetbeans.deploy=true -Dmaven.ext.class.path=C:\Program Files\NetBeans-12.2\netbeans\java\maven-nblib\netbeans-eventspy.jar -Dfile.encoding=UTF-8 package
java_class_path (initial): C:\Program Files\NetBeans-12.2\netbeans\java\maven\bin\..\boot\plexus-classworlds-2.6.0.jar
Launcher Type: SUN_STANDARD

Environment Variables:
JAVA_HOME=C:\Program Files\Java\jdk1.8.0_151
PATH=C:\ProgramData\Oracle\Java\javapath;C:\Program Files\Java\jdk1.8.0_202\bin;C:\Program Files\Java\jdk1.8.0_202;C:\Program Files\Java\jre1.8.0_202;C:\orawin11g\jacharry\product\11.2.0\client_1\bin;C:\Oracle\jdk\jre\bin\classic;C:\Oracle\jdk\jre\bin;C:\Oracle\jdk\jre\bin\client;C:\Oracle\jlib;C:\Oracle\bin;C:\Oracle\jre\1.4.2\bin\client;C:\Oracle\jre\1.4.2\bin;C:\Program Files (x86)\Common Files\Oracle\Java\javapath;C:\Windows\system32;C:\Windows;C:\Windows\System32\Wbem;C:\Windows\System32\WindowsPowerShell\v1.0\;C:\Windows\System32\OpenSSH\;C:\Program Files\nodejs\;C:\Program Files\Git\cmd;C:\Users\kpaz\AppData\Roaming\npm;C:\Program Files\nodejs;C:\Program Files\apache-maven-3.8.8\bin;%MAVEN_HOME%\bin;C:\Program Files\Java\jdk1.8.0_202;C:\Program Files\Java\jre1.8.0_202;C:\Users\kpaz\AppData\Local\Microsoft\WindowsApps;C:\Users\kpaz\AppData\Local\Programs\Microsoft VS Code\bin;C:\Users\kpaz\AppData\Roaming\npm;C:\Program Files\nodejs;C:\Program Files\apache-maven-3.8.8\bin;%MAVEN_HOME%\bin;C:\Program Files\Java\jdk1.8.0_202\bin;
USERNAME=kpaz
OS=Windows_NT
PROCESSOR_IDENTIFIER=Intel64 Family 6 Model 186 Stepping 3, GenuineIntel



---------------  S Y S T E M  ---------------

OS: Windows 10.0 , 64 bit Build 22621 (10.0.22621.4391)

CPU:total 12 (initial active 12) (6 cores per cpu, 2 threads per core) family 6 model 186 stepping 3, cmov, cx8, fxsr, mmx, sse, sse2, sse3, ssse3, sse4.1, sse4.2, popcnt, avx, avx2, aes, clmul, erms, 3dnowpref, lzcnt, ht, tsc, tscinvbit, bmi1, bmi2, adx

Memory: 4k page, physical 24831140k(2958764k free), swap 29015204k(5640k free)

vm_info: Java HotSpot(TM) 64-Bit Server VM (25.151-b12) for windows-amd64 JRE (1.8.0_151-b12), built on Sep  5 2017 19:33:46 by "java_re" with MS VC++ 10.0 (VS2010)

time: Mon Feb 03 08:45:56 2025
elapsed time: 0 seconds (0d 0h 0m 0s)

