#
# There is insufficient memory for the Java Runtime Environment to continue.
# Native memory allocation (malloc) failed to allocate 1901216 bytes for Chunk::new
# Possible reasons:
#   The system is out of physical RAM or swap space
#   In 32 bit mode, the process size limit was hit
# Possible solutions:
#   Reduce memory load on the system
#   Increase physical memory or swap space
#   Check if swap backing store is full
#   Use 64 bit Java on a 64 bit OS
#   Decrease Java heap size (-Xmx/-Xms)
#   Decrease number of Java threads
#   Decrease Java thread stack sizes (-Xss)
#   Set larger code cache with -XX:ReservedCodeCacheSize=
# This output file may be truncated or incomplete.
#
#  Out of Memory Error (allocation.cpp:390), pid=34168, tid=0x000000000000314c
#
# JRE version: Java(TM) SE Runtime Environment (8.0_151-b12) (build 1.8.0_151-b12)
# Java VM: Java HotSpot(TM) 64-Bit Server VM (25.151-b12 mixed mode windows-amd64 compressed oops)
# Failed to write core dump. Minidumps are not enabled by default on client versions of Windows
#

---------------  T H R E A D  ---------------

Current thread (0x0000000022d50800):  JavaThread "C2 CompilerThread0" daemon [_thread_in_native, id=12620, stack(0x00000000243d0000,0x00000000244d0000)]

Stack: [0x00000000243d0000,0x00000000244d0000]
[error occurred during error reporting (printing stack bounds), id 0xc0000005]

Native frames: (J=compiled Java code, j=interpreted, Vv=VM code, C=native code)


Current CompileTask:
C2:   4615 1498       4       java.net.URLClassLoader$1::run (5 bytes)


---------------  P R O C E S S  ---------------

Java Threads: ( => current thread )
  0x0000000022df2000 JavaThread "Service Thread" daemon [_thread_blocked, id=38428, stack(0x00000000247d0000,0x00000000248d0000)]
  0x0000000022d5c000 JavaThread "C1 CompilerThread3" daemon [_thread_blocked, id=29652, stack(0x00000000246d0000,0x00000000247d0000)]
  0x0000000022d5b800 JavaThread "C2 CompilerThread2" daemon [_thread_blocked, id=33988, stack(0x00000000245d0000,0x00000000246d0000)]
  0x0000000022d58800 JavaThread "C2 CompilerThread1" daemon [_thread_blocked, id=16800, stack(0x00000000244d0000,0x00000000245d0000)]
=>0x0000000022d50800 JavaThread "C2 CompilerThread0" daemon [_thread_in_native, id=12620, stack(0x00000000243d0000,0x00000000244d0000)]
  0x0000000022d4d000 JavaThread "Attach Listener" daemon [_thread_blocked, id=1212, stack(0x00000000242d0000,0x00000000243d0000)]
  0x0000000022d4a800 JavaThread "Signal Dispatcher" daemon [_thread_blocked, id=41956, stack(0x00000000241d0000,0x00000000242d0000)]
  0x000000000319c000 JavaThread "Finalizer" daemon [_thread_blocked, id=40988, stack(0x0000000023fa0000,0x00000000240a0000)]
  0x000000000319b000 JavaThread "Reference Handler" daemon [_thread_blocked, id=35172, stack(0x0000000023ea0000,0x0000000023fa0000)]
  0x000000000247e000 JavaThread "main" [_thread_in_vm, id=40704, stack(0x0000000002fa0000,0x00000000030a0000)]

Other Threads:
  0x0000000021678800 VMThread [stack: 0x0000000023da0000,0x0000000023ea0000] [id=25720]
  0x0000000022da7000 WatcherThread [stack: 0x0000000024a50000,0x0000000024b50000] [id=3008]

VM state:synchronizing (normal execution)

VM Mutex/Monitor currently owned by a thread:  ([mutex/lock_event])
[0x000000000247d220] Safepoint_lock - owner thread: 0x0000000021678800
[0x000000000247d7a0] Threads_lock - owner thread: 0x0000000021678800

Heap:
 PSYoungGen      total 113664K, used 95847K [0x0000000741b00000, 0x0000000749980000, 0x00000007c0000000)
  eden space 97792K, 98% used [0x0000000741b00000,0x0000000747899fe0,0x0000000747a80000)
  from space 15872K, 0% used [0x0000000748a00000,0x0000000748a00000,0x0000000749980000)
  to   space 15872K, 0% used [0x0000000747a80000,0x0000000747a80000,0x0000000748a00000)
 ParOldGen       total 259584K, used 0K [0x0000000645000000, 0x0000000654d80000, 0x0000000741b00000)
  object space 259584K, 0% used [0x0000000645000000,0x0000000645000000,0x0000000654d80000)
 Metaspace       used 14984K, capacity 15346K, committed 15616K, reserved 1062912K
  class space    used 1834K, capacity 1946K, committed 2048K, reserved 1048576K

Card table byte_map: [0x0000000012560000,0x0000000013140000] byte_map_base: 0x000000000f338000

Marking Bits: (ParMarkBitMap*) 0x0000000063d3d850
 Begin Bits: [0x0000000014330000, 0x000000001a1f0000)
 End Bits:   [0x000000001a1f0000, 0x00000000200b0000)

Polling page: 0x0000000000bb0000

CodeCache: size=245760Kb used=5596Kb max_used=5601Kb free=240163Kb
 bounds [0x00000000031a0000, 0x0000000003720000, 0x00000000121a0000]
 total_blobs=1992 nmethods=1633 adapters=271
 compilation: enabled

Compilation events (10 events):
Event: 3.608 Thread 0x0000000022d5c000 1635       3       org.codehaus.plexus.util.xml.Xpp3Dom::setValue (6 bytes)
Event: 3.608 Thread 0x0000000022d5c000 nmethod 1635 0x000000000370d610 code [0x000000000370d760, 0x000000000370d8d0]
Event: 3.608 Thread 0x0000000022d5c000 1636       3       org.codehaus.plexus.util.xml.Xpp3Dom::addChild (17 bytes)
Event: 3.608 Thread 0x0000000022d5c000 nmethod 1636 0x000000000371c850 code [0x000000000371c9c0, 0x000000000371cc68]
Event: 3.608 Thread 0x0000000022d5c000 1637       3       org.codehaus.plexus.util.xml.Xpp3Dom::setParent (6 bytes)
Event: 3.608 Thread 0x0000000022d5c000 nmethod 1637 0x000000000371c510 code [0x000000000371c660, 0x000000000371c7d0]
Event: 3.608 Thread 0x0000000022d5c000 1638       1       org.codehaus.plexus.util.xml.Xpp3Dom::getName (5 bytes)
Event: 3.608 Thread 0x0000000022d5c000 nmethod 1638 0x000000000371c250 code [0x000000000371c3a0, 0x000000000371c4b0]
Event: 3.608 Thread 0x0000000022d5c000 1639       3       java.util.regex.Matcher::reset (83 bytes)
Event: 3.609 Thread 0x0000000022d5c000 nmethod 1639 0x000000000371ba50 code [0x000000000371bbe0, 0x000000000371c088]

GC Heap History (0 events):
No events

Deoptimization events (10 events):
Event: 2.337 Thread 0x000000000247e000 Uncommon trap: reason=unstable_if action=reinterpret pc=0x000000000368bf58 method=org.eclipse.sisu.inject.InjectorBindings.isAssignableFrom(Lcom/google/inject/TypeLiteral;Lcom/google/inject/Binding;)Z @ 14
Event: 2.457 Thread 0x000000000247e000 Uncommon trap: reason=unstable_if action=reinterpret pc=0x00000000033969b4 method=sun.misc.MetaIndex.mayContain(Ljava/lang/String;)Z @ 38
Event: 2.479 Thread 0x000000000247e000 Uncommon trap: reason=unstable_if action=reinterpret pc=0x0000000003339b00 method=java.lang.String.replace(CC)Ljava/lang/String; @ 2
Event: 2.483 Thread 0x000000000247e000 Uncommon trap: reason=unstable_if action=reinterpret pc=0x00000000035d1620 method=java.lang.String.substring(I)Ljava/lang/String; @ 35
Event: 3.595 Thread 0x000000000247e000 Uncommon trap: reason=bimorphic action=maybe_recompile pc=0x00000000036b6f60 method=java.util.regex.Pattern$CharProperty.match(Ljava/util/regex/Matcher;ILjava/lang/CharSequence;)Z @ 37
Event: 3.597 Thread 0x000000000247e000 Uncommon trap: reason=bimorphic action=maybe_recompile pc=0x00000000036b6f60 method=java.util.regex.Pattern$CharProperty.match(Ljava/util/regex/Matcher;ILjava/lang/CharSequence;)Z @ 37
Event: 3.607 Thread 0x000000000247e000 Uncommon trap: reason=unstable_if action=reinterpret pc=0x000000000370ae60 method=org.codehaus.plexus.util.xml.pull.MXParser.isS(C)Z @ 21
Event: 3.608 Thread 0x000000000247e000 Uncommon trap: reason=bimorphic action=maybe_recompile pc=0x00000000036b6f60 method=java.util.regex.Pattern$CharProperty.match(Ljava/util/regex/Matcher;ILjava/lang/CharSequence;)Z @ 37
Event: 3.608 Thread 0x000000000247e000 Uncommon trap: reason=bimorphic action=maybe_recompile pc=0x00000000036b6f60 method=java.util.regex.Pattern$CharProperty.match(Ljava/util/regex/Matcher;ILjava/lang/CharSequence;)Z @ 37
Event: 3.612 Thread 0x000000000247e000 Uncommon trap: reason=unstable_if action=reinterpret pc=0x0000000003426e88 method=sun.nio.cs.UTF_8$Decoder.decode([BII[C)I @ 30

Internal exceptions (10 events):
Event: 1.834 Thread 0x000000000247e000 Exception <a 'java/lang/ArrayIndexOutOfBoundsException': 66> (0x0000000743c21760) thrown at [C:\re\workspace\8-2-build-windows-amd64-cygwin\jdk8u151\9699\hotspot\src\share\vm\interpreter\interpreterRuntime.cpp, line 366]
Event: 2.237 Thread 0x000000000247e000 Exception <a 'java/lang/NoClassDefFoundError': com/google/inject/servlet/ServletModuleTargetVisitor> (0x00000007466bd928) thrown at [C:\re\workspace\8-2-build-windows-amd64-cygwin\jdk8u151\9699\hotspot\src\share\vm\classfile\systemDictionary.cpp, line 199
Event: 2.237 Thread 0x000000000247e000 Exception <a 'java/lang/NoClassDefFoundError'> (0x00000007466bd928) thrown at [C:\re\workspace\8-2-build-windows-amd64-cygwin\jdk8u151\9699\hotspot\src\share\vm\prims\jvm.cpp, line 1394]
Event: 2.238 Thread 0x000000000247e000 Exception <a 'java/lang/NoClassDefFoundError': javax/annotation/Priority> (0x00000007466c2998) thrown at [C:\re\workspace\8-2-build-windows-amd64-cygwin\jdk8u151\9699\hotspot\src\share\vm\classfile\systemDictionary.cpp, line 199]
Event: 2.407 Thread 0x000000000247e000 Exception <a 'java/lang/NullPointerException'> (0x0000000746ff1508) thrown at [C:\re\workspace\8-2-build-windows-amd64-cygwin\jdk8u151\9699\hotspot\src\share\vm\interpreter\linkResolver.cpp, line 1183]
Event: 2.407 Thread 0x000000000247e000 Exception <a 'java/lang/NullPointerException'> (0x0000000746ff1720) thrown at [C:\re\workspace\8-2-build-windows-amd64-cygwin\jdk8u151\9699\hotspot\src\share\vm\interpreter\linkResolver.cpp, line 1183]
Event: 2.407 Thread 0x000000000247e000 Exception <a 'java/lang/NullPointerException'> (0x0000000746ff1938) thrown at [C:\re\workspace\8-2-build-windows-amd64-cygwin\jdk8u151\9699\hotspot\src\share\vm\interpreter\linkResolver.cpp, line 1183]
Event: 2.408 Thread 0x000000000247e000 Exception <a 'java/lang/NullPointerException'> (0x0000000746ff9f38) thrown at [C:\re\workspace\8-2-build-windows-amd64-cygwin\jdk8u151\9699\hotspot\src\share\vm\interpreter\linkResolver.cpp, line 1183]
Event: 2.408 Thread 0x000000000247e000 Exception <a 'java/lang/NullPointerException'> (0x0000000746ffa150) thrown at [C:\re\workspace\8-2-build-windows-amd64-cygwin\jdk8u151\9699\hotspot\src\share\vm\interpreter\linkResolver.cpp, line 1183]
Event: 2.408 Thread 0x000000000247e000 Exception <a 'java/lang/NullPointerException'> (0x0000000746ffa368) thrown at [C:\re\workspace\8-2-build-windows-amd64-cygwin\jdk8u151\9699\hotspot\src\share\vm\interpreter\linkResolver.cpp, line 1183]

Events (10 events):
Event: 3.607 Thread 0x000000000247e000 DEOPT UNPACKING pc=0x00000000031e582a sp=0x000000000309d8d0 mode 2
Event: 3.608 Thread 0x000000000247e000 Uncommon trap: trap_request=0xffffffc6 fr.pc=0x00000000036b6f60
Event: 3.608 Thread 0x000000000247e000 DEOPT PACKING pc=0x00000000036b6f60 sp=0x000000000309d460
Event: 3.608 Thread 0x000000000247e000 DEOPT UNPACKING pc=0x00000000031e582a sp=0x000000000309d418 mode 2
Event: 3.608 Thread 0x000000000247e000 Uncommon trap: trap_request=0xffffffc6 fr.pc=0x00000000036b6f60
Event: 3.608 Thread 0x000000000247e000 DEOPT PACKING pc=0x00000000036b6f60 sp=0x000000000309d460
Event: 3.608 Thread 0x000000000247e000 DEOPT UNPACKING pc=0x00000000031e582a sp=0x000000000309d418 mode 2
Event: 3.612 Thread 0x000000000247e000 Uncommon trap: trap_request=0xffffff65 fr.pc=0x0000000003426e88
Event: 3.612 Thread 0x000000000247e000 DEOPT PACKING pc=0x0000000003426e88 sp=0x000000000309d600
Event: 4.097 Executing VM operation: EnableBiasedLocking


Dynamic libraries:
0x00007ff722c70000 - 0x00007ff722ca7000 	C:\Program Files\Java\jdk1.8.0_151\bin\java.exe
0x00007ff864440000 - 0x00007ff8646a3000 	C:\WINDOWS\SYSTEM32\ntdll.dll
0x00007ff862ce0000 - 0x00007ff862da7000 	C:\WINDOWS\System32\KERNEL32.DLL
0x00007ff8617e0000 - 0x00007ff861ba7000 	C:\WINDOWS\System32\KERNELBASE.dll
0x00007ff863800000 - 0x00007ff8638b4000 	C:\WINDOWS\System32\ADVAPI32.dll
0x00007ff8636f0000 - 0x00007ff863799000 	C:\WINDOWS\System32\msvcrt.dll
0x00007ff862280000 - 0x00007ff862326000 	C:\WINDOWS\System32\sechost.dll
0x00007ff862730000 - 0x00007ff862846000 	C:\WINDOWS\System32\RPCRT4.dll
0x00007ff863520000 - 0x00007ff8636e9000 	C:\WINDOWS\System32\USER32.dll
0x00007ff8621c0000 - 0x00007ff8621e7000 	C:\WINDOWS\System32\win32u.dll
0x00007ff863470000 - 0x00007ff86349a000 	C:\WINDOWS\System32\GDI32.dll
0x00007ff862090000 - 0x00007ff8621bb000 	C:\WINDOWS\System32\gdi32full.dll
0x00007ff861bb0000 - 0x00007ff861c53000 	C:\WINDOWS\System32\msvcp_win.dll
0x00007ff861c60000 - 0x00007ff861dac000 	C:\WINDOWS\System32\ucrtbase.dll
0x00007ff83dc10000 - 0x00007ff83dea0000 	C:\WINDOWS\WinSxS\amd64_microsoft.windows.common-controls_6595b64144ccf1df_6.0.26100.3037_none_3e09262ce333c378\COMCTL32.dll
0x00007ff8638d0000 - 0x00007ff8638ff000 	C:\WINDOWS\System32\IMM32.DLL
0x00007ff8566c0000 - 0x00007ff856771000 	C:\Program Files\McAfee\Endpoint Security\Threat Prevention\Ips\EpMPApi.dll
0x00007ff8621f0000 - 0x00007ff86226f000 	C:\WINDOWS\System32\WINTRUST.dll
0x00007ff861db0000 - 0x00007ff861f26000 	C:\WINDOWS\System32\CRYPT32.dll
0x00007ff860ed0000 - 0x00007ff860ee3000 	C:\WINDOWS\SYSTEM32\MSASN1.dll
0x0000000063e90000 - 0x0000000063e9c000 	C:\Program Files\McAfee\Endpoint Security\Threat Prevention\Ips\EpMPThe.dll
0x00007ff8410f0000 - 0x00007ff84114b000 	C:\Program Files\McAfee\Endpoint Security\Threat Prevention\Ips\HIPHandlers64.dll
0x00007ff8637a0000 - 0x00007ff8637fd000 	C:\WINDOWS\System32\SHLWAPI.dll
0x00007ff85fdf0000 - 0x00007ff85fe22000 	C:\WINDOWS\SYSTEM32\IPHLPAPI.DLL
0x00007ff85ee00000 - 0x00007ff85f041000 	C:\WINDOWS\SYSTEM32\dbghelp.dll
0x00007ff863910000 - 0x00007ff863c8e000 	C:\WINDOWS\System32\combase.dll
0x00007ff8624f0000 - 0x00007ff8625c6000 	C:\WINDOWS\System32\OLEAUT32.dll
0x0000000002550000 - 0x0000000002c54000 	C:\WINDOWS\System32\SHELL32.dll
0x0000000063440000 - 0x0000000063512000 	C:\Program Files\Java\jdk1.8.0_151\jre\bin\msvcr100.dll
0x0000000063520000 - 0x0000000063dbd000 	C:\Program Files\Java\jdk1.8.0_151\jre\bin\server\jvm.dll
0x00007ff8632e0000 - 0x00007ff8632e8000 	C:\WINDOWS\System32\PSAPI.DLL
0x00007ff833fb0000 - 0x00007ff833fba000 	C:\WINDOWS\SYSTEM32\WSOCK32.dll
0x00007ff863260000 - 0x00007ff8632d4000 	C:\WINDOWS\System32\WS2_32.dll
0x00007ff8489c0000 - 0x00007ff8489f6000 	C:\WINDOWS\SYSTEM32\WINMM.dll
0x00007ff83f9d0000 - 0x00007ff83f9db000 	C:\WINDOWS\SYSTEM32\VERSION.dll
0x00000000633f0000 - 0x00000000633ff000 	C:\Program Files\Java\jdk1.8.0_151\jre\bin\verify.dll
0x00000000633c0000 - 0x00000000633e9000 	C:\Program Files\Java\jdk1.8.0_151\jre\bin\java.dll
0x00000000633a0000 - 0x00000000633b6000 	C:\Program Files\Java\jdk1.8.0_151\jre\bin\zip.dll
0x00007ff85f2a0000 - 0x00007ff85fad7000 	C:\WINDOWS\SYSTEM32\windows.storage.dll
0x00007ff8632f0000 - 0x00007ff8633d9000 	C:\WINDOWS\System32\SHCORE.dll
0x00007ff8616f0000 - 0x00007ff86171e000 	C:\WINDOWS\SYSTEM32\profapi.dll
0x00007ff853b40000 - 0x00007ff853b4a000 	C:\Program Files\NetBeans-12.2\netbeans\java\maven\lib\jansi-native\windows64\jansi.dll
0x0000000063380000 - 0x000000006339a000 	C:\Program Files\Java\jdk1.8.0_151\jre\bin\net.dll
0x00007ff860ac0000 - 0x00007ff860b2a000 	C:\WINDOWS\system32\mswsock.dll
0x0000000063360000 - 0x0000000063371000 	C:\Program Files\Java\jdk1.8.0_151\jre\bin\nio.dll

VM Arguments:
jvm_args: -Dclassworlds.conf=C:\Program Files\NetBeans-12.2\netbeans\java\maven\bin\..\bin\m2.conf -Dmaven.home=C:\Program Files\NetBeans-12.2\netbeans\java\maven\bin\.. -Dlibrary.jansi.path=C:\Program Files\NetBeans-12.2\netbeans\java\maven\bin\..\lib\jansi-native -Dmaven.multiModuleProjectDirectory=C:\Users\kpaz\Documents\Proyectos\angular\JADM0088 - Restablecimiento de contraseñas\JADM0088B 
java_command: org.codehaus.plexus.classworlds.launcher.Launcher -Dmaven.ext.class.path=C:\Program Files\NetBeans-12.2\netbeans\java\maven-nblib\netbeans-eventspy.jar -Dfile.encoding=UTF-8 clean install
java_class_path (initial): C:\Program Files\NetBeans-12.2\netbeans\java\maven\bin\..\boot\plexus-classworlds-2.6.0.jar
Launcher Type: SUN_STANDARD

Environment Variables:
JAVA_HOME=C:\Program Files\Java\jdk1.8.0_151
PATH=C:\ProgramData\Oracle\Java\javapath;C:\Program Files\Java\jdk1.8.0_202\bin;C:\Program Files\Java\jdk1.8.0_202;C:\Program Files\Java\jre1.8.0_202;C:\orawin11g\jacharry\product\11.2.0\client_1\bin;C:\Oracle\jdk\jre\bin\classic;C:\Oracle\jdk\jre\bin;C:\Oracle\jdk\jre\bin\client;C:\Oracle\jlib;C:\Oracle\bin;C:\Oracle\jre\1.4.2\bin\client;C:\Oracle\jre\1.4.2\bin;C:\Program Files (x86)\Common Files\Oracle\Java\javapath;C:\WINDOWS\system32;C:\WINDOWS;C:\WINDOWS\System32\Wbem;C:\WINDOWS\System32\WindowsPowerShell\v1.0\;C:\WINDOWS\System32\OpenSSH\;C:\Program Files\nodejs\;C:\Program Files\Git\cmd;C:\Users\kpaz\AppData\Roaming\npm;C:\Program Files\nodejs;C:\Program Files\apache-maven-3.8.8\bin;%MAVEN_HOME%\bin;C:\Program Files\Java\jdk1.8.0_202;C:\Program Files\Java\jre1.8.0_202;C:\Users\kpaz\AppData\Local\Microsoft\WindowsApps;C:\Users\kpaz\AppData\Local\Programs\Microsoft VS Code\bin;C:\Users\kpaz\AppData\Roaming\npm;C:\Program Files\nodejs;C:\Program Files\apache-maven-3.8.8\bin;%MAVEN_HOME%\bin;C:\Program Files\Java\jdk1.8.0_202\bin;
USERNAME=kpaz
OS=Windows_NT
PROCESSOR_IDENTIFIER=Intel64 Family 6 Model 186 Stepping 3, GenuineIntel



---------------  S Y S T E M  ---------------

OS: Windows 10.0 , 64 bit Build 26100 (10.0.26100.3037)

CPU:total 12 (initial active 12) (6 cores per cpu, 2 threads per core) family 6 model 186 stepping 3, cmov, cx8, fxsr, mmx, sse, sse2, sse3, ssse3, sse4.1, sse4.2, popcnt, avx, avx2, aes, clmul, erms, 3dnowpref, lzcnt, ht, tsc, tscinvbit, bmi1, bmi2, adx

Memory: 4k page, physical 24831140k(4283204k free), swap 29015204k(12396k free)

vm_info: Java HotSpot(TM) 64-Bit Server VM (25.151-b12) for windows-amd64 JRE (1.8.0_151-b12), built on Sep  5 2017 19:33:46 by "java_re" with MS VC++ 10.0 (VS2010)

time: Thu Feb 20 09:18:35 2025
elapsed time: 4 seconds (0d 0h 0m 4s)

