#
# There is insufficient memory for the Java Runtime Environment to continue.
# Native memory allocation (malloc) failed to allocate 128368 bytes for Chunk::new
# Possible reasons:
#   The system is out of physical RAM or swap space
#   In 32 bit mode, the process size limit was hit
# Possible solutions:
#   Reduce memory load on the system
#   Increase physical memory or swap space
#   Check if swap backing store is full
#   Use 64 bit Java on a 64 bit OS
#   Decrease Java heap size (-Xmx/-Xms)
#   Decrease number of Java threads
#   Decrease Java thread stack sizes (-Xss)
#   Set larger code cache with -XX:ReservedCodeCacheSize=
# This output file may be truncated or incomplete.
#
#  Out of Memory Error (allocation.cpp:390), pid=34536, tid=0x0000000000009244
#
# JRE version: Java(TM) SE Runtime Environment (8.0_151-b12) (build 1.8.0_151-b12)
# Java VM: Java HotSpot(TM) 64-Bit Server VM (25.151-b12 mixed mode windows-amd64 compressed oops)
# Failed to write core dump. Minidumps are not enabled by default on client versions of Windows
#

---------------  T H R E A D  ---------------

Current thread (0x0000000023039800):  JavaThread "C2 CompilerThread1" daemon [_thread_in_native, id=37444, stack(0x00000000247b0000,0x00000000248b0000)]

Stack: [0x00000000247b0000,0x00000000248b0000]
[error occurred during error reporting (printing stack bounds), id 0xc0000005]

Native frames: (J=compiled Java code, j=interpreted, Vv=VM code, C=native code)


Current CompileTask:
C2:   7998  313   !   4       sun.misc.URLClassPath$JarLoader::getResource (85 bytes)


---------------  P R O C E S S  ---------------

Java Threads: ( => current thread )
  0x00000000230d4800 JavaThread "Service Thread" daemon [_thread_blocked, id=68856, stack(0x0000000024ab0000,0x0000000024bb0000)]
  0x0000000023040000 JavaThread "C1 CompilerThread3" daemon [_thread_blocked, id=34664, stack(0x00000000249b0000,0x0000000024ab0000)]
  0x000000002303c000 JavaThread "C2 CompilerThread2" daemon [_thread_blocked, id=38000, stack(0x00000000248b0000,0x00000000249b0000)]
=>0x0000000023039800 JavaThread "C2 CompilerThread1" daemon [_thread_in_native, id=37444, stack(0x00000000247b0000,0x00000000248b0000)]
  0x0000000023035800 JavaThread "C2 CompilerThread0" daemon [_thread_in_native, id=69452, stack(0x00000000246b0000,0x00000000247b0000)]
  0x000000002302f000 JavaThread "Attach Listener" daemon [_thread_blocked, id=31028, stack(0x00000000245b0000,0x00000000246b0000)]
  0x000000002302b000 JavaThread "Signal Dispatcher" daemon [_thread_blocked, id=46248, stack(0x00000000244b0000,0x00000000245b0000)]
  0x0000000023023000 JavaThread "Finalizer" daemon [_thread_blocked, id=64288, stack(0x0000000024280000,0x0000000024380000)]
  0x000000000347b000 JavaThread "Reference Handler" daemon [_thread_blocked, id=40564, stack(0x0000000024180000,0x0000000024280000)]
  0x000000000323e000 JavaThread "main" [_thread_in_Java, id=42364, stack(0x0000000003280000,0x0000000003380000)]

Other Threads:
  0x0000000021957800 VMThread [stack: 0x0000000024080000,0x0000000024180000] [id=58064]
  0x0000000023056800 WatcherThread [stack: 0x0000000024d30000,0x0000000024e30000] [id=66892]

VM state:not at safepoint (normal execution)

VM Mutex/Monitor currently owned by a thread: None

Heap:
 PSYoungGen      total 113664K, used 11736K [0x0000000741b00000, 0x0000000749980000, 0x00000007c0000000)
  eden space 97792K, 12% used [0x0000000741b00000,0x0000000742676258,0x0000000747a80000)
  from space 15872K, 0% used [0x0000000748a00000,0x0000000748a00000,0x0000000749980000)
  to   space 15872K, 0% used [0x0000000747a80000,0x0000000747a80000,0x0000000748a00000)
 ParOldGen       total 259584K, used 0K [0x0000000645000000, 0x0000000654d80000, 0x0000000741b00000)
  object space 259584K, 0% used [0x0000000645000000,0x0000000645000000,0x0000000654d80000)
 Metaspace       used 5024K, capacity 5676K, committed 5760K, reserved 1056768K
  class space    used 552K, capacity 600K, committed 640K, reserved 1048576K

Card table byte_map: [0x0000000012840000,0x0000000013420000] byte_map_base: 0x000000000f618000

Marking Bits: (ParMarkBitMap*) 0x0000000076e7d850
 Begin Bits: [0x0000000014610000, 0x000000001a4d0000)
 End Bits:   [0x000000001a4d0000, 0x0000000020390000)

Polling page: 0x0000000001590000

CodeCache: size=245760Kb used=1974Kb max_used=1980Kb free=243785Kb
 bounds [0x0000000003480000, 0x00000000036f0000, 0x0000000012480000]
 total_blobs=594 nmethods=325 adapters=182
 compilation: enabled

Compilation events (10 events):
Event: 3.954 Thread 0x0000000023040000 nmethod 324 0x0000000003669490 code [0x0000000003669860, 0x000000000366ba68]
Event: 3.954 Thread 0x0000000023040000  329       3       java.io.DataInputStream::readFully (63 bytes)
Event: 3.955 Thread 0x000000002303c000 nmethod 305 0x000000000366d010 code [0x000000000366d260, 0x000000000366ea90]
Event: 3.955 Thread 0x0000000023040000 nmethod 329 0x0000000003668b90 code [0x0000000003668d40, 0x0000000003669248]
Event: 3.955 Thread 0x0000000023040000  323  s    3       java.io.BufferedInputStream::read (49 bytes)
Event: 4.967 Thread 0x0000000023040000 nmethod 323 0x0000000003668290 code [0x0000000003668420, 0x0000000003668998]
Event: 4.967 Thread 0x000000002303c000  331       4       java.io.BufferedInputStream::getBufIfOpen (21 bytes)
Event: 4.967 Thread 0x0000000023040000  325  s    3       java.io.BufferedInputStream::read (113 bytes)
Event: 4.968 Thread 0x000000002303c000 nmethod 331 0x00000000036653d0 code [0x0000000003665500, 0x0000000003665578]
Event: 5.979 Thread 0x0000000023040000 nmethod 325 0x0000000003667350 code [0x0000000003667540, 0x0000000003667eb8]

GC Heap History (0 events):
No events

Deoptimization events (0 events):
No events

Internal exceptions (7 events):
Event: 0.125 Thread 0x000000000323e000 Exception <a 'java/lang/NoSuchMethodError': Method sun.misc.Unsafe.defineClass(Ljava/lang/String;[BII)Ljava/lang/Class; name or signature does not match> (0x0000000741b07ca8) thrown at [C:\re\workspace\8-2-build-windows-amd64-cygwin\jdk8u151\9699\hotspot\
Event: 0.125 Thread 0x000000000323e000 Exception <a 'java/lang/NoSuchMethodError': Method sun.misc.Unsafe.prefetchRead(Ljava/lang/Object;J)V name or signature does not match> (0x0000000741b07f90) thrown at [C:\re\workspace\8-2-build-windows-amd64-cygwin\jdk8u151\9699\hotspot\src\share\vm\prims
Event: 0.260 Thread 0x000000000323e000 Exception <a 'java/io/FileNotFoundException'> (0x0000000741b5e6e0) thrown at [C:\re\workspace\8-2-build-windows-amd64-cygwin\jdk8u151\9699\hotspot\src\share\vm\prims\jni.cpp, line 709]
Event: 0.776 Thread 0x000000000323e000 Exception <a 'java/security/PrivilegedActionException'> (0x00000007420e8c38) thrown at [C:\re\workspace\8-2-build-windows-amd64-cygwin\jdk8u151\9699\hotspot\src\share\vm\prims\jvm.cpp, line 1390]
Event: 0.776 Thread 0x000000000323e000 Exception <a 'java/security/PrivilegedActionException'> (0x00000007420e8e48) thrown at [C:\re\workspace\8-2-build-windows-amd64-cygwin\jdk8u151\9699\hotspot\src\share\vm\prims\jvm.cpp, line 1390]
Event: 0.776 Thread 0x000000000323e000 Exception <a 'java/security/PrivilegedActionException'> (0x00000007420ecf40) thrown at [C:\re\workspace\8-2-build-windows-amd64-cygwin\jdk8u151\9699\hotspot\src\share\vm\prims\jvm.cpp, line 1390]
Event: 0.776 Thread 0x000000000323e000 Exception <a 'java/security/PrivilegedActionException'> (0x00000007420ed150) thrown at [C:\re\workspace\8-2-build-windows-amd64-cygwin\jdk8u151\9699\hotspot\src\share\vm\prims\jvm.cpp, line 1390]

Events (10 events):
Event: 5.995 loading class sun/util/locale/provider/AvailableLanguageTags
Event: 5.995 loading class sun/util/locale/provider/AvailableLanguageTags done
Event: 5.995 loading class sun/util/locale/provider/CalendarProviderImpl done
Event: 5.995 loading class sun/util/locale/provider/LocaleDataMetaInfo
Event: 5.995 loading class sun/util/locale/provider/LocaleDataMetaInfo done
Event: 5.996 loading class sun/util/locale/provider/JRELocaleProviderAdapter$1
Event: 5.996 loading class sun/util/locale/provider/JRELocaleProviderAdapter$1 done
Event: 5.997 loading class java/util/Calendar$Builder
Event: 5.997 loading class java/util/Calendar$Builder done
Event: 5.997 loading class java/util/GregorianCalendar


Dynamic libraries:
0x00007ff72ba10000 - 0x00007ff72ba47000 	C:\Program Files\Java\jdk1.8.0_151\bin\java.exe
0x00007fff23600000 - 0x00007fff23863000 	C:\WINDOWS\SYSTEM32\ntdll.dll
0x00007fff21930000 - 0x00007fff219f8000 	C:\WINDOWS\System32\KERNEL32.DLL
0x00007fff20e60000 - 0x00007fff21212000 	C:\WINDOWS\System32\KERNELBASE.dll
0x00007fff21f60000 - 0x00007fff22014000 	C:\WINDOWS\System32\ADVAPI32.dll
0x00007fff231e0000 - 0x00007fff23289000 	C:\WINDOWS\System32\msvcrt.dll
0x00007fff21b50000 - 0x00007fff21bf6000 	C:\WINDOWS\System32\sechost.dll
0x00007fff21e30000 - 0x00007fff21f46000 	C:\WINDOWS\System32\RPCRT4.dll
0x00007fff23290000 - 0x00007fff23458000 	C:\WINDOWS\System32\USER32.dll
0x00007fff20a80000 - 0x00007fff20aa7000 	C:\WINDOWS\System32\win32u.dll
0x00007fff21510000 - 0x00007fff2153a000 	C:\WINDOWS\System32\GDI32.dll
0x00007fff20d30000 - 0x00007fff20e5b000 	C:\WINDOWS\System32\gdi32full.dll
0x00007fff209d0000 - 0x00007fff20a73000 	C:\WINDOWS\System32\msvcp_win.dll
0x00007fff20ab0000 - 0x00007fff20bfb000 	C:\WINDOWS\System32\ucrtbase.dll
0x00007ffefb070000 - 0x00007ffefb300000 	C:\WINDOWS\WinSxS\amd64_microsoft.windows.common-controls_6595b64144ccf1df_6.0.26100.2454_none_3e0b68a2e331ad60\COMCTL32.dll
0x00007fff21540000 - 0x00007fff2156f000 	C:\WINDOWS\System32\IMM32.DLL
0x00007ffeefe60000 - 0x00007ffeeff11000 	C:\Program Files\McAfee\Endpoint Security\Threat Prevention\Ips\EpMPApi.dll
0x00007fff20ca0000 - 0x00007fff20d1f000 	C:\WINDOWS\System32\WINTRUST.dll
0x00007fff212e0000 - 0x00007fff21456000 	C:\WINDOWS\System32\CRYPT32.dll
0x00007fff20050000 - 0x00007fff20063000 	C:\WINDOWS\SYSTEM32\MSASN1.dll
0x0000000076f60000 - 0x0000000076f6c000 	C:\Program Files\McAfee\Endpoint Security\Threat Prevention\Ips\EpMPThe.dll
0x00007fff1bb00000 - 0x00007fff1bb5b000 	C:\Program Files\McAfee\Endpoint Security\Threat Prevention\Ips\HIPHandlers64.dll
0x00007fff220c0000 - 0x00007fff227c1000 	C:\WINDOWS\System32\SHELL32.dll
0x00007fff234b0000 - 0x00007fff2350d000 	C:\WINDOWS\System32\SHLWAPI.dll
0x00007fff1ef90000 - 0x00007fff1efc2000 	C:\WINDOWS\SYSTEM32\IPHLPAPI.DLL
0x00007fff1e090000 - 0x00007fff1e2d1000 	C:\WINDOWS\SYSTEM32\dbghelp.dll
0x00007fff229a0000 - 0x00007fff22d1e000 	C:\WINDOWS\System32\combase.dll
0x00007fff21a00000 - 0x00007fff21ad6000 	C:\WINDOWS\System32\OLEAUT32.dll
0x0000000076580000 - 0x0000000076652000 	C:\Program Files\Java\jdk1.8.0_151\jre\bin\msvcr100.dll
0x0000000076660000 - 0x0000000076efd000 	C:\Program Files\Java\jdk1.8.0_151\jre\bin\server\jvm.dll
0x00007fff22020000 - 0x00007fff22028000 	C:\WINDOWS\System32\PSAPI.DLL
0x00007fff16840000 - 0x00007fff16876000 	C:\WINDOWS\SYSTEM32\WINMM.dll
0x00007fff1a060000 - 0x00007fff1a06b000 	C:\WINDOWS\SYSTEM32\VERSION.dll
0x00007ffef5420000 - 0x00007ffef542a000 	C:\WINDOWS\SYSTEM32\WSOCK32.dll
0x00007fff21490000 - 0x00007fff21504000 	C:\WINDOWS\System32\WS2_32.dll
0x0000000076530000 - 0x000000007653f000 	C:\Program Files\Java\jdk1.8.0_151\jre\bin\verify.dll
0x0000000076500000 - 0x0000000076529000 	C:\Program Files\Java\jdk1.8.0_151\jre\bin\java.dll
0x00000000764e0000 - 0x00000000764f6000 	C:\Program Files\Java\jdk1.8.0_151\jre\bin\zip.dll
0x00007fff1e4a0000 - 0x00007fff1ecd1000 	C:\WINDOWS\SYSTEM32\windows.storage.dll
0x00007fff216f0000 - 0x00007fff217ca000 	C:\WINDOWS\System32\SHCORE.dll
0x00007fff208e0000 - 0x00007fff2090e000 	C:\WINDOWS\SYSTEM32\profapi.dll
0x00007fff1cc10000 - 0x00007fff1cc1a000 	C:\Program Files\NetBeans-12.2\netbeans\java\maven\lib\jansi-native\windows64\jansi.dll

VM Arguments:
jvm_args: -Dclassworlds.conf=C:\Program Files\NetBeans-12.2\netbeans\java\maven\bin\..\bin\m2.conf -Dmaven.home=C:\Program Files\NetBeans-12.2\netbeans\java\maven\bin\.. -Dlibrary.jansi.path=C:\Program Files\NetBeans-12.2\netbeans\java\maven\bin\..\lib\jansi-native -Dmaven.multiModuleProjectDirectory=C:\Users\kpaz\Documents\Proyectos\angular\JADM0088 - Restablecimiento de contraseñas\JADM0088B 
java_command: org.codehaus.plexus.classworlds.launcher.Launcher -Dnetbeans.deploy.debugmode=true -Dnetbeans.deploy=true -Dmaven.ext.class.path=C:\Program Files\NetBeans-12.2\netbeans\java\maven-nblib\netbeans-eventspy.jar -Dfile.encoding=UTF-8 package
java_class_path (initial): C:\Program Files\NetBeans-12.2\netbeans\java\maven\bin\..\boot\plexus-classworlds-2.6.0.jar
Launcher Type: SUN_STANDARD

Environment Variables:
JAVA_HOME=C:\Program Files\Java\jdk1.8.0_151
PATH=C:\ProgramData\Oracle\Java\javapath;C:\Program Files\Java\jdk1.8.0_202\bin;C:\Program Files\Java\jdk1.8.0_202;C:\Program Files\Java\jre1.8.0_202;C:\orawin11g\jacharry\product\11.2.0\client_1\bin;C:\Oracle\jdk\jre\bin\classic;C:\Oracle\jdk\jre\bin;C:\Oracle\jdk\jre\bin\client;C:\Oracle\jlib;C:\Oracle\bin;C:\Oracle\jre\1.4.2\bin\client;C:\Oracle\jre\1.4.2\bin;C:\Program Files (x86)\Common Files\Oracle\Java\javapath;C:\WINDOWS\system32;C:\WINDOWS;C:\WINDOWS\System32\Wbem;C:\WINDOWS\System32\WindowsPowerShell\v1.0\;C:\WINDOWS\System32\OpenSSH\;C:\Program Files\nodejs\;C:\Program Files\Git\cmd;C:\Users\kpaz\AppData\Roaming\npm;C:\Program Files\nodejs;C:\Program Files\apache-maven-3.8.8\bin;%MAVEN_HOME%\bin;C:\Program Files\Java\jdk1.8.0_202;C:\Program Files\Java\jre1.8.0_202;C:\Users\kpaz\AppData\Local\Microsoft\WindowsApps;C:\Users\kpaz\AppData\Local\Programs\Microsoft VS Code\bin;C:\Users\kpaz\AppData\Roaming\npm;C:\Program Files\nodejs;C:\Program Files\apache-maven-3.8.8\bin;%MAVEN_HOME%\bin;C:\Program Files\Java\jdk1.8.0_202\bin;
USERNAME=kpaz
OS=Windows_NT
PROCESSOR_IDENTIFIER=Intel64 Family 6 Model 186 Stepping 3, GenuineIntel



---------------  S Y S T E M  ---------------

OS: Windows 10.0 , 64 bit Build 26100 (10.0.26100.2454)

CPU:total 12 (initial active 12) (6 cores per cpu, 2 threads per core) family 6 model 186 stepping 3, cmov, cx8, fxsr, mmx, sse, sse2, sse3, ssse3, sse4.1, sse4.2, popcnt, avx, avx2, aes, clmul, erms, 3dnowpref, lzcnt, ht, tsc, tscinvbit, bmi1, bmi2, adx

Memory: 4k page, physical 24831140k(3947952k free), swap 29015204k(2108k free)

vm_info: Java HotSpot(TM) 64-Bit Server VM (25.151-b12) for windows-amd64 JRE (1.8.0_151-b12), built on Sep  5 2017 19:33:46 by "java_re" with MS VC++ 10.0 (VS2010)

time: Fri Feb 14 11:47:13 2025
elapsed time: 8 seconds (0d 0h 0m 8s)

