#
# There is insufficient memory for the Java Runtime Environment to continue.
# Native memory allocation (malloc) failed to allocate 1010336 bytes for Chunk::new
# Possible reasons:
#   The system is out of physical RAM or swap space
#   In 32 bit mode, the process size limit was hit
# Possible solutions:
#   Reduce memory load on the system
#   Increase physical memory or swap space
#   Check if swap backing store is full
#   Use 64 bit Java on a 64 bit OS
#   Decrease Java heap size (-Xmx/-Xms)
#   Decrease number of Java threads
#   Decrease Java thread stack sizes (-Xss)
#   Set larger code cache with -XX:ReservedCodeCacheSize=
# This output file may be truncated or incomplete.
#
#  Out of Memory Error (allocation.cpp:390), pid=20964, tid=0x000000000000aea0
#
# JRE version: Java(TM) SE Runtime Environment (8.0_151-b12) (build 1.8.0_151-b12)
# Java VM: Java HotSpot(TM) 64-Bit Server VM (25.151-b12 mixed mode windows-amd64 compressed oops)
# Failed to write core dump. Minidumps are not enabled by default on client versions of Windows
#

---------------  T H R E A D  ---------------

Current thread (0x0000000022c29800):  JavaThread "C2 CompilerThread0" daemon [_thread_in_native, id=44704, stack(0x00000000242b0000,0x00000000243b0000)]

Stack: [0x00000000242b0000,0x00000000243b0000]
[error occurred during error reporting (printing stack bounds), id 0xc0000005]

Native frames: (J=compiled Java code, j=interpreted, Vv=VM code, C=native code)


Current CompileTask:
C2:   3141 3171   !   4       com.google.inject.spi.InjectionPoint::getInjectionPoints (489 bytes)


---------------  P R O C E S S  ---------------

Java Threads: ( => current thread )
  0x0000000022cb6800 JavaThread "Service Thread" daemon [_thread_blocked, id=396, stack(0x00000000246b0000,0x00000000247b0000)]
  0x000000002154c000 JavaThread "C1 CompilerThread3" daemon [_thread_blocked, id=21252, stack(0x00000000245b0000,0x00000000246b0000)]
  0x0000000022c30800 JavaThread "C2 CompilerThread2" daemon [_thread_blocked, id=44692, stack(0x00000000244b0000,0x00000000245b0000)]
  0x0000000022c2f800 JavaThread "C2 CompilerThread1" daemon [_thread_blocked, id=22936, stack(0x00000000243b0000,0x00000000244b0000)]
=>0x0000000022c29800 JavaThread "C2 CompilerThread0" daemon [_thread_in_native, id=44704, stack(0x00000000242b0000,0x00000000243b0000)]
  0x0000000022c27000 JavaThread "Attach Listener" daemon [_thread_blocked, id=42064, stack(0x00000000241b0000,0x00000000242b0000)]
  0x0000000022c24000 JavaThread "Signal Dispatcher" daemon [_thread_blocked, id=22632, stack(0x00000000240b0000,0x00000000241b0000)]
  0x0000000022c13000 JavaThread "Finalizer" daemon [_thread_blocked, id=39344, stack(0x0000000023e80000,0x0000000023f80000)]
  0x000000000305b800 JavaThread "Reference Handler" daemon [_thread_blocked, id=11976, stack(0x0000000023d80000,0x0000000023e80000)]
  0x0000000002f5e800 JavaThread "main" [_thread_in_native, id=42672, stack(0x0000000002d60000,0x0000000002e60000)]

Other Threads:
  0x0000000021538800 VMThread [stack: 0x0000000023c80000,0x0000000023d80000] [id=11268]
  0x0000000022cbc000 WatcherThread [stack: 0x0000000024930000,0x0000000024a30000] [id=12804]

VM state:not at safepoint (normal execution)

VM Mutex/Monitor currently owned by a thread: None

Heap:
 PSYoungGen      total 113664K, used 36604K [0x0000000741b00000, 0x0000000749980000, 0x00000007c0000000)
  eden space 97792K, 26% used [0x0000000741b00000,0x00000007433dd860,0x0000000747a80000)
  from space 15872K, 70% used [0x0000000748a00000,0x00000007494e1a68,0x0000000749980000)
  to   space 15872K, 0% used [0x0000000747a80000,0x0000000747a80000,0x0000000748a00000)
 ParOldGen       total 259584K, used 32K [0x0000000645000000, 0x0000000654d80000, 0x0000000741b00000)
  object space 259584K, 0% used [0x0000000645000000,0x0000000645008000,0x0000000654d80000)
 Metaspace       used 18366K, capacity 18864K, committed 18944K, reserved 1067008K
  class space    used 2194K, capacity 2303K, committed 2304K, reserved 1048576K

Card table byte_map: [0x0000000012420000,0x0000000013000000] byte_map_base: 0x000000000f1f8000

Marking Bits: (ParMarkBitMap*) 0x000000005c65d850
 Begin Bits: [0x00000000141f0000, 0x000000001a0b0000)
 End Bits:   [0x000000001a0b0000, 0x000000001ff70000)

Polling page: 0x0000000002cc0000

CodeCache: size=245760Kb used=12067Kb max_used=12086Kb free=233692Kb
 bounds [0x0000000003060000, 0x0000000003c40000, 0x0000000012060000]
 total_blobs=3693 nmethods=3322 adapters=283
 compilation: enabled

Compilation events (10 events):
Event: 2.641 Thread 0x000000002154c000 nmethod 3229 0x0000000003bcd890 code [0x0000000003bcda00, 0x0000000003bcdd90]
Event: 2.641 Thread 0x000000002154c000 3230       3       org.apache.maven.model.merge.ModelMerger$ResourceKeyComputer::key (9 bytes)
Event: 2.642 Thread 0x000000002154c000 nmethod 3230 0x0000000003bd5950 code [0x0000000003bd5ac0, 0x0000000003bd5cf0]
Event: 2.642 Thread 0x000000002154c000 3231       3       org.apache.maven.model.merge.ModelMerger::getResourceKey (2 bytes)
Event: 2.642 Thread 0x000000002154c000 nmethod 3231 0x0000000003bd5610 code [0x0000000003bd5760, 0x0000000003bd58b0]
Event: 2.645 Thread 0x000000002154c000 3239       3       org.apache.maven.repository.internal.DefaultModelCache$Key::equals (95 bytes)
Event: 2.646 Thread 0x0000000022c30800 3241       4       org.apache.maven.model.merge.ModelMerger::merge (15 bytes)
Event: 2.646 Thread 0x000000002154c000 nmethod 3239 0x0000000003bd7a90 code [0x0000000003bd7c60, 0x0000000003bd85c8]
Event: 2.646 Thread 0x000000002154c000 3240       3       org.apache.maven.model.building.ModelCacheTag$1::fromCache (9 bytes)
Event: 2.646 Thread 0x000000002154c000 nmethod 3240 0x0000000003bd4fd0 code [0x0000000003bd5140, 0x0000000003bd5508]

GC Heap History (4 events):
Event: 1.452 GC heap before
{Heap before GC invocations=1 (full 0):
 PSYoungGen      total 113664K, used 97792K [0x0000000741b00000, 0x0000000749980000, 0x00000007c0000000)
  eden space 97792K, 100% used [0x0000000741b00000,0x0000000747a80000,0x0000000747a80000)
  from space 15872K, 0% used [0x0000000748a00000,0x0000000748a00000,0x0000000749980000)
  to   space 15872K, 0% used [0x0000000747a80000,0x0000000747a80000,0x0000000748a00000)
 ParOldGen       total 259584K, used 0K [0x0000000645000000, 0x0000000654d80000, 0x0000000741b00000)
  object space 259584K, 0% used [0x0000000645000000,0x0000000645000000,0x0000000654d80000)
 Metaspace       used 15047K, capacity 15410K, committed 15616K, reserved 1062912K
  class space    used 1841K, capacity 1946K, committed 2048K, reserved 1048576K
Event: 1.459 GC heap after
Heap after GC invocations=1 (full 0):
 PSYoungGen      total 113664K, used 13876K [0x0000000741b00000, 0x0000000749980000, 0x00000007c0000000)
  eden space 97792K, 0% used [0x0000000741b00000,0x0000000741b00000,0x0000000747a80000)
  from space 15872K, 87% used [0x0000000747a80000,0x000000074880d380,0x0000000748a00000)
  to   space 15872K, 0% used [0x0000000748a00000,0x0000000748a00000,0x0000000749980000)
 ParOldGen       total 259584K, used 16K [0x0000000645000000, 0x0000000654d80000, 0x0000000741b00000)
  object space 259584K, 0% used [0x0000000645000000,0x0000000645004000,0x0000000654d80000)
 Metaspace       used 15047K, capacity 15410K, committed 15616K, reserved 1062912K
  class space    used 1841K, capacity 1946K, committed 2048K, reserved 1048576K
}
Event: 2.523 GC heap before
{Heap before GC invocations=2 (full 0):
 PSYoungGen      total 113664K, used 111668K [0x0000000741b00000, 0x0000000749980000, 0x00000007c0000000)
  eden space 97792K, 100% used [0x0000000741b00000,0x0000000747a80000,0x0000000747a80000)
  from space 15872K, 87% used [0x0000000747a80000,0x000000074880d380,0x0000000748a00000)
  to   space 15872K, 0% used [0x0000000748a00000,0x0000000748a00000,0x0000000749980000)
 ParOldGen       total 259584K, used 16K [0x0000000645000000, 0x0000000654d80000, 0x0000000741b00000)
  object space 259584K, 0% used [0x0000000645000000,0x0000000645004000,0x0000000654d80000)
 Metaspace       used 16718K, capacity 17184K, committed 17536K, reserved 1064960K
  class space    used 1962K, capacity 2063K, committed 2176K, reserved 1048576K
Event: 2.531 GC heap after
Heap after GC invocations=2 (full 0):
 PSYoungGen      total 113664K, used 11142K [0x0000000741b00000, 0x0000000749980000, 0x00000007c0000000)
  eden space 97792K, 0% used [0x0000000741b00000,0x0000000741b00000,0x0000000747a80000)
  from space 15872K, 70% used [0x0000000748a00000,0x00000007494e1a68,0x0000000749980000)
  to   space 15872K, 0% used [0x0000000747a80000,0x0000000747a80000,0x0000000748a00000)
 ParOldGen       total 259584K, used 32K [0x0000000645000000, 0x0000000654d80000, 0x0000000741b00000)
  object space 259584K, 0% used [0x0000000645000000,0x0000000645008000,0x0000000654d80000)
 Metaspace       used 16718K, capacity 17184K, committed 17536K, reserved 1064960K
  class space    used 1962K, capacity 2063K, committed 2176K, reserved 1048576K
}

Deoptimization events (10 events):
Event: 2.517 Thread 0x0000000002f5e800 Uncommon trap: reason=unstable_if action=reinterpret pc=0x0000000003669a9c method=java.util.LinkedHashMap.afterNodeInsertion(Z)V @ 18
Event: 2.540 Thread 0x0000000002f5e800 Uncommon trap: reason=predicate action=maybe_recompile pc=0x0000000003b24410 method=java.util.TimSort.binarySort([Ljava/lang/Object;IIILjava/util/Comparator;)V @ 37
Event: 2.545 Thread 0x0000000002f5e800 Uncommon trap: reason=array_check action=maybe_recompile pc=0x0000000003b68954 method=java.util.TimSort.binarySort([Ljava/lang/Object;IIILjava/util/Comparator;)V @ 215
Event: 2.545 Thread 0x0000000002f5e800 Uncommon trap: reason=array_check action=maybe_recompile pc=0x0000000003b68a18 method=java.util.TimSort.binarySort([Ljava/lang/Object;IIILjava/util/Comparator;)V @ 193
Event: 2.545 Thread 0x0000000002f5e800 Uncommon trap: reason=array_check action=maybe_recompile pc=0x0000000003b68a18 method=java.util.TimSort.binarySort([Ljava/lang/Object;IIILjava/util/Comparator;)V @ 193
Event: 2.545 Thread 0x0000000002f5e800 Uncommon trap: reason=array_check action=maybe_recompile pc=0x0000000003b68954 method=java.util.TimSort.binarySort([Ljava/lang/Object;IIILjava/util/Comparator;)V @ 215
Event: 2.552 Thread 0x0000000002f5e800 Uncommon trap: reason=array_check action=maybe_recompile pc=0x0000000003b6b19c method=java.util.TimSort.binarySort([Ljava/lang/Object;IIILjava/util/Comparator;)V @ 183
Event: 2.552 Thread 0x0000000002f5e800 Uncommon trap: reason=array_check action=maybe_recompile pc=0x0000000003b6b19c method=java.util.TimSort.binarySort([Ljava/lang/Object;IIILjava/util/Comparator;)V @ 183
Event: 2.575 Thread 0x0000000002f5e800 Uncommon trap: reason=unstable_if action=reinterpret pc=0x0000000003b7f2f8 method=org.codehaus.plexus.classworlds.realm.Entry.matches(Ljava/lang/String;)Z @ 150
Event: 2.640 Thread 0x0000000002f5e800 Uncommon trap: reason=null_check action=make_not_entrant pc=0x0000000003b21368 method=org.codehaus.plexus.interpolation.reflection.ReflectionValueExtractor.getClassMap(Ljava/lang/Class;)Lorg/codehaus/plexus/interpolation/reflection/ClassMap; @ 21

Internal exceptions (10 events):
Event: 0.867 Thread 0x0000000002f5e800 Exception <a 'java/lang/NullPointerException'> (0x000000074719b530) thrown at [C:\re\workspace\8-2-build-windows-amd64-cygwin\jdk8u151\9699\hotspot\src\share\vm\interpreter\linkResolver.cpp, line 1183]
Event: 0.867 Thread 0x0000000002f5e800 Exception <a 'java/lang/NullPointerException'> (0x00000007471a3b30) thrown at [C:\re\workspace\8-2-build-windows-amd64-cygwin\jdk8u151\9699\hotspot\src\share\vm\interpreter\linkResolver.cpp, line 1183]
Event: 0.867 Thread 0x0000000002f5e800 Exception <a 'java/lang/NullPointerException'> (0x00000007471a3d48) thrown at [C:\re\workspace\8-2-build-windows-amd64-cygwin\jdk8u151\9699\hotspot\src\share\vm\interpreter\linkResolver.cpp, line 1183]
Event: 0.867 Thread 0x0000000002f5e800 Exception <a 'java/lang/NullPointerException'> (0x00000007471a3f60) thrown at [C:\re\workspace\8-2-build-windows-amd64-cygwin\jdk8u151\9699\hotspot\src\share\vm\interpreter\linkResolver.cpp, line 1183]
Event: 1.477 Thread 0x0000000002f5e800 Implicit null exception at 0x0000000003652a03 to 0x0000000003652c4d
Event: 1.707 Thread 0x0000000002f5e800 Implicit null exception at 0x00000000033fb9d5 to 0x00000000033fbbd9
Event: 1.708 Thread 0x0000000002f5e800 Implicit null exception at 0x000000000336992f to 0x0000000003369999
Event: 2.582 Thread 0x0000000002f5e800 Exception <a 'java/lang/NoClassDefFoundError': org/sonatype/aether/graph/Dependency> (0x00000007423fa9f0) thrown at [C:\re\workspace\8-2-build-windows-amd64-cygwin\jdk8u151\9699\hotspot\src\share\vm\classfile\systemDictionary.cpp, line 199]
Event: 2.588 Thread 0x0000000002f5e800 Exception <a 'java/lang/NoClassDefFoundError': org/codehaus/plexus/util/interpolation/ValueSource> (0x000000074253b3c8) thrown at [C:\re\workspace\8-2-build-windows-amd64-cygwin\jdk8u151\9699\hotspot\src\share\vm\classfile\systemDictionary.cpp, line 199]
Event: 2.640 Thread 0x0000000002f5e800 Implicit null exception at 0x0000000003b1fb93 to 0x0000000003b21359

Events (10 events):
Event: 2.627 loading class sun/nio/ch/Util$5 done
Event: 2.627 loading class java/nio/DirectByteBufferR
Event: 2.628 loading class java/nio/DirectByteBufferR done
Event: 2.630 loading class org/codehaus/plexus/util/IOUtil
Event: 2.630 loading class org/codehaus/plexus/util/IOUtil done
Event: 2.630 loading class org/codehaus/plexus/util/IOUtil
Event: 2.630 loading class org/codehaus/plexus/util/IOUtil done
Event: 2.640 Thread 0x0000000002f5e800 Uncommon trap: trap_request=0xfffffff4 fr.pc=0x0000000003b21368
Event: 2.640 Thread 0x0000000002f5e800 DEOPT PACKING pc=0x0000000003b21368 sp=0x0000000002e5cf70
Event: 2.640 Thread 0x0000000002f5e800 DEOPT UNPACKING pc=0x00000000030a582a sp=0x0000000002e5cef8 mode 2


Dynamic libraries:
0x00007ff66c230000 - 0x00007ff66c267000 	C:\Program Files\Java\jdk1.8.0_151\bin\java.exe
0x00007fff77f70000 - 0x00007fff78187000 	C:\Windows\SYSTEM32\ntdll.dll
0x00007fff76ec0000 - 0x00007fff76f84000 	C:\Windows\System32\KERNEL32.DLL
0x00007fff754f0000 - 0x00007fff758aa000 	C:\Windows\System32\KERNELBASE.dll
0x00007fff761c0000 - 0x00007fff76272000 	C:\Windows\System32\ADVAPI32.dll
0x00007fff771e0000 - 0x00007fff77287000 	C:\Windows\System32\msvcrt.dll
0x00007fff77300000 - 0x00007fff773a7000 	C:\Windows\System32\sechost.dll
0x00007fff75240000 - 0x00007fff75268000 	C:\Windows\System32\bcrypt.dll
0x00007fff75ff0000 - 0x00007fff76104000 	C:\Windows\System32\RPCRT4.dll
0x00007fff75d60000 - 0x00007fff75f0e000 	C:\Windows\System32\USER32.dll
0x00007fff759d0000 - 0x00007fff759f6000 	C:\Windows\System32\win32u.dll
0x00007fff76380000 - 0x00007fff763a9000 	C:\Windows\System32\GDI32.dll
0x00007fff758b0000 - 0x00007fff759cb000 	C:\Windows\System32\gdi32full.dll
0x00007fff75450000 - 0x00007fff754ea000 	C:\Windows\System32\msvcp_win.dll
0x00007fff75270000 - 0x00007fff75381000 	C:\Windows\System32\ucrtbase.dll
0x00007fff5c2b0000 - 0x00007fff5c542000 	C:\Windows\WinSxS\amd64_microsoft.windows.common-controls_6595b64144ccf1df_6.0.22621.4541_none_2710d1c57384c085\COMCTL32.dll
0x00007fff76c30000 - 0x00007fff76c61000 	C:\Windows\System32\IMM32.DLL
0x00007fff5e760000 - 0x00007fff5e811000 	C:\Program Files\McAfee\Endpoint Security\Threat Prevention\Ips\EpMPApi.dll
0x00007fff75a00000 - 0x00007fff75a72000 	C:\Windows\System32\WINTRUST.dll
0x00007fff75b00000 - 0x00007fff75c66000 	C:\Windows\System32\CRYPT32.dll
0x00007fff749f0000 - 0x00007fff74a02000 	C:\Windows\SYSTEM32\MSASN1.dll
0x000000005c7b0000 - 0x000000005c7bc000 	C:\Program Files\McAfee\Endpoint Security\Threat Prevention\Ips\EpMPThe.dll
0x00007fff32a60000 - 0x00007fff32abb000 	C:\Program Files\McAfee\Endpoint Security\Threat Prevention\Ips\HIPHandlers64.dll
0x00007fff763b0000 - 0x00007fff76c28000 	C:\Windows\System32\SHELL32.dll
0x00007fff773b0000 - 0x00007fff7740e000 	C:\Windows\System32\SHLWAPI.dll
0x00007fff73a80000 - 0x00007fff73aad000 	C:\Windows\SYSTEM32\IPHLPAPI.DLL
0x00007fff72820000 - 0x00007fff72a52000 	C:\Windows\SYSTEM32\dbghelp.dll
0x00007fff776e0000 - 0x00007fff77a6f000 	C:\Windows\System32\combase.dll
0x00007fff75f10000 - 0x00007fff75fe7000 	C:\Windows\System32\OLEAUT32.dll
0x000000005bd60000 - 0x000000005be32000 	C:\Program Files\Java\jdk1.8.0_151\jre\bin\msvcr100.dll
0x000000005be40000 - 0x000000005c6dd000 	C:\Program Files\Java\jdk1.8.0_151\jre\bin\server\jvm.dll
0x00007fff75c70000 - 0x00007fff75c78000 	C:\Windows\System32\PSAPI.DLL
0x00007fff5bb80000 - 0x00007fff5bb89000 	C:\Windows\SYSTEM32\WSOCK32.dll
0x00007fff66730000 - 0x00007fff6673a000 	C:\Windows\SYSTEM32\VERSION.dll
0x00007fff6cfe0000 - 0x00007fff6d014000 	C:\Windows\SYSTEM32\WINMM.dll
0x00007fff76f90000 - 0x00007fff77001000 	C:\Windows\System32\WS2_32.dll
0x000000005bd10000 - 0x000000005bd1f000 	C:\Program Files\Java\jdk1.8.0_151\jre\bin\verify.dll
0x000000005bce0000 - 0x000000005bd09000 	C:\Program Files\Java\jdk1.8.0_151\jre\bin\java.dll
0x000000005bcc0000 - 0x000000005bcd6000 	C:\Program Files\Java\jdk1.8.0_151\jre\bin\zip.dll
0x00007fff72f50000 - 0x00007fff73858000 	C:\Windows\SYSTEM32\windows.storage.dll
0x00007fff72e10000 - 0x00007fff72f4f000 	C:\Windows\SYSTEM32\wintypes.dll
0x00007fff76280000 - 0x00007fff7637a000 	C:\Windows\System32\SHCORE.dll
0x00007fff75170000 - 0x00007fff7519b000 	C:\Windows\SYSTEM32\profapi.dll
0x00007fff5e6b0000 - 0x00007fff5e6ba000 	C:\Program Files\NetBeans-12.2\netbeans\java\maven\lib\jansi-native\windows64\jansi.dll
0x000000005bca0000 - 0x000000005bcba000 	C:\Program Files\Java\jdk1.8.0_151\jre\bin\net.dll
0x00007fff746b0000 - 0x00007fff74719000 	C:\Windows\system32\mswsock.dll
0x000000005bc80000 - 0x000000005bc91000 	C:\Program Files\Java\jdk1.8.0_151\jre\bin\nio.dll

VM Arguments:
jvm_args: -Dclassworlds.conf=C:\Program Files\NetBeans-12.2\netbeans\java\maven\bin\..\bin\m2.conf -Dmaven.home=C:\Program Files\NetBeans-12.2\netbeans\java\maven\bin\.. -Dlibrary.jansi.path=C:\Program Files\NetBeans-12.2\netbeans\java\maven\bin\..\lib\jansi-native -Dmaven.multiModuleProjectDirectory=C:\Users\kpaz\Documents\Proyectos\angular\JADM0088 - Restablecimiento de contraseñas\JADM0088B 
java_command: org.codehaus.plexus.classworlds.launcher.Launcher -Dmaven.ext.class.path=C:\Program Files\NetBeans-12.2\netbeans\java\maven-nblib\netbeans-eventspy.jar -Dfile.encoding=UTF-8 clean install
java_class_path (initial): C:\Program Files\NetBeans-12.2\netbeans\java\maven\bin\..\boot\plexus-classworlds-2.6.0.jar
Launcher Type: SUN_STANDARD

Environment Variables:
JAVA_HOME=C:\Program Files\Java\jdk1.8.0_151
PATH=C:\ProgramData\Oracle\Java\javapath;C:\Program Files\Java\jdk1.8.0_202\bin;C:\Program Files\Java\jdk1.8.0_202;C:\Program Files\Java\jre1.8.0_202;C:\orawin11g\jacharry\product\11.2.0\client_1\bin;C:\Oracle\jdk\jre\bin\classic;C:\Oracle\jdk\jre\bin;C:\Oracle\jdk\jre\bin\client;C:\Oracle\jlib;C:\Oracle\bin;C:\Oracle\jre\1.4.2\bin\client;C:\Oracle\jre\1.4.2\bin;C:\Program Files (x86)\Common Files\Oracle\Java\javapath;C:\Windows\system32;C:\Windows;C:\Windows\System32\Wbem;C:\Windows\System32\WindowsPowerShell\v1.0\;C:\Windows\System32\OpenSSH\;C:\Program Files\nodejs\;C:\Program Files\Git\cmd;C:\Users\kpaz\AppData\Roaming\npm;C:\Program Files\nodejs;C:\Program Files\apache-maven-3.8.8\bin;%MAVEN_HOME%\bin;C:\Program Files\Java\jdk1.8.0_202;C:\Program Files\Java\jre1.8.0_202;C:\Users\kpaz\AppData\Local\Microsoft\WindowsApps;C:\Users\kpaz\AppData\Local\Programs\Microsoft VS Code\bin;C:\Users\kpaz\AppData\Roaming\npm;C:\Program Files\nodejs;C:\Program Files\apache-maven-3.8.8\bin;%MAVEN_HOME%\bin;C:\Program Files\Java\jdk1.8.0_202\bin;
USERNAME=kpaz
OS=Windows_NT
PROCESSOR_IDENTIFIER=Intel64 Family 6 Model 186 Stepping 3, GenuineIntel



---------------  S Y S T E M  ---------------

OS: Windows 10.0 , 64 bit Build 22621 (10.0.22621.4391)

CPU:total 12 (initial active 12) (6 cores per cpu, 2 threads per core) family 6 model 186 stepping 3, cmov, cx8, fxsr, mmx, sse, sse2, sse3, ssse3, sse4.1, sse4.2, popcnt, avx, avx2, aes, clmul, erms, 3dnowpref, lzcnt, ht, tsc, tscinvbit, bmi1, bmi2, adx

Memory: 4k page, physical 24831140k(995548k free), swap 29015204k(37492k free)

vm_info: Java HotSpot(TM) 64-Bit Server VM (25.151-b12) for windows-amd64 JRE (1.8.0_151-b12), built on Sep  5 2017 19:33:46 by "java_re" with MS VC++ 10.0 (VS2010)

time: Wed Jan 29 17:23:48 2025
elapsed time: 3 seconds (0d 0h 0m 3s)

