#
# There is insufficient memory for the Java Runtime Environment to continue.
# Native memory allocation (malloc) failed to allocate 699296 bytes for Chunk::new
# Possible reasons:
#   The system is out of physical RAM or swap space
#   In 32 bit mode, the process size limit was hit
# Possible solutions:
#   Reduce memory load on the system
#   Increase physical memory or swap space
#   Check if swap backing store is full
#   Use 64 bit Java on a 64 bit OS
#   Decrease Java heap size (-Xmx/-Xms)
#   Decrease number of Java threads
#   Decrease Java thread stack sizes (-Xss)
#   Set larger code cache with -XX:ReservedCodeCacheSize=
# This output file may be truncated or incomplete.
#
#  Out of Memory Error (allocation.cpp:390), pid=12072, tid=0x00000000000053a0
#
# JRE version: Java(TM) SE Runtime Environment (8.0_151-b12) (build 1.8.0_151-b12)
# Java VM: Java HotSpot(TM) 64-Bit Server VM (25.151-b12 mixed mode windows-amd64 compressed oops)
# Failed to write core dump. Minidumps are not enabled by default on client versions of Windows
#

---------------  T H R E A D  ---------------

Current thread (0x000000002282b000):  JavaThread "C2 CompilerThread2" daemon [_thread_in_native, id=21408, stack(0x00000000240b0000,0x00000000241b0000)]

Stack: [0x00000000240b0000,0x00000000241b0000]
[error occurred during error reporting (printing stack bounds), id 0xc0000005]

Native frames: (J=compiled Java code, j=interpreted, Vv=VM code, C=native code)


Current CompileTask:
C2:   1116 1316   !   4       java.net.URL::<init> (543 bytes)


---------------  P R O C E S S  ---------------

Java Threads: ( => current thread )
  0x00000000228be000 JavaThread "Service Thread" daemon [_thread_blocked, id=48444, stack(0x00000000242b0000,0x00000000243b0000)]
  0x000000002282c000 JavaThread "C1 CompilerThread3" daemon [_thread_blocked, id=51932, stack(0x00000000241b0000,0x00000000242b0000)]
=>0x000000002282b000 JavaThread "C2 CompilerThread2" daemon [_thread_in_native, id=21408, stack(0x00000000240b0000,0x00000000241b0000)]
  0x0000000022828800 JavaThread "C2 CompilerThread1" daemon [_thread_blocked, id=28116, stack(0x0000000023fb0000,0x00000000240b0000)]
  0x0000000022822800 JavaThread "C2 CompilerThread0" daemon [_thread_in_native, id=15208, stack(0x0000000023eb0000,0x0000000023fb0000)]
  0x000000002281c800 JavaThread "Attach Listener" daemon [_thread_blocked, id=21816, stack(0x0000000023db0000,0x0000000023eb0000)]
  0x0000000022819800 JavaThread "Signal Dispatcher" daemon [_thread_blocked, id=41412, stack(0x0000000023cb0000,0x0000000023db0000)]
  0x0000000002bdb800 JavaThread "Finalizer" daemon [_thread_blocked, id=12376, stack(0x0000000023a80000,0x0000000023b80000)]
  0x000000002113d000 JavaThread "Reference Handler" daemon [_thread_blocked, id=36956, stack(0x0000000023980000,0x0000000023a80000)]
  0x0000000002ade800 JavaThread "main" [_thread_in_Java, id=42144, stack(0x0000000002970000,0x0000000002a70000)]

Other Threads:
  0x0000000021137800 VMThread [stack: 0x0000000023880000,0x0000000023980000] [id=38712]
  0x00000000228e4000 WatcherThread [stack: 0x0000000024530000,0x0000000024630000] [id=51604]

VM state:not at safepoint (normal execution)

VM Mutex/Monitor currently owned by a thread: None

Heap:
 PSYoungGen      total 113664K, used 84150K [0x0000000741b00000, 0x0000000749980000, 0x00000007c0000000)
  eden space 97792K, 86% used [0x0000000741b00000,0x0000000746d2db78,0x0000000747a80000)
  from space 15872K, 0% used [0x0000000748a00000,0x0000000748a00000,0x0000000749980000)
  to   space 15872K, 0% used [0x0000000747a80000,0x0000000747a80000,0x0000000748a00000)
 ParOldGen       total 259584K, used 0K [0x0000000645000000, 0x0000000654d80000, 0x0000000741b00000)
  object space 259584K, 0% used [0x0000000645000000,0x0000000645000000,0x0000000654d80000)
 Metaspace       used 13173K, capacity 13414K, committed 13568K, reserved 1060864K
  class space    used 1656K, capacity 1774K, committed 1792K, reserved 1048576K

Card table byte_map: [0x0000000011fa0000,0x0000000012b80000] byte_map_base: 0x000000000ed78000

Marking Bits: (ParMarkBitMap*) 0x000000006a69d850
 Begin Bits: [0x0000000013d70000, 0x0000000019c30000)
 End Bits:   [0x0000000019c30000, 0x000000001faf0000)

Polling page: 0x0000000000d20000

CodeCache: size=245760Kb used=4981Kb max_used=4985Kb free=240778Kb
 bounds [0x0000000002be0000, 0x00000000030d0000, 0x0000000011be0000]
 total_blobs=1753 nmethods=1420 adapters=245
 compilation: enabled

Compilation events (10 events):
Event: 1.112 Thread 0x000000002282c000 nmethod 1412 0x00000000030b3110 code [0x00000000030b3280, 0x00000000030b35f0]
Event: 1.112 Thread 0x000000002282c000 1402       3       sun.reflect.ReflectionFactory::inflationThreshold (4 bytes)
Event: 1.112 Thread 0x000000002282c000 nmethod 1402 0x00000000030b5710 code [0x00000000030b5860, 0x00000000030b5990]
Event: 1.112 Thread 0x000000002282c000 1411       1       com.google.common.collect.CompactHashMap$MapEntry::getKey (5 bytes)
Event: 1.112 Thread 0x000000002282c000 nmethod 1411 0x00000000030b16d0 code [0x00000000030b1820, 0x00000000030b1930]
Event: 1.112 Thread 0x0000000022828800 nmethod 1414 0x00000000030c2190 code [0x00000000030c22e0, 0x00000000030c29b8]
Event: 1.114 Thread 0x0000000022822800 1419       4       java.io.DataOutputStream::writeByte (14 bytes)
Event: 1.114 Thread 0x000000002282c000 1420       3       sun.misc.ProxyGenerator::access$1000 (7 bytes)
Event: 1.114 Thread 0x000000002282c000 nmethod 1420 0x00000000030b2d50 code [0x00000000030b2ec0, 0x00000000030b3028]
Event: 1.114 Thread 0x000000002282c000 1421       3       sun.misc.ProxyGenerator::code_ipush (90 bytes)

GC Heap History (0 events):
No events

Deoptimization events (6 events):
Event: 0.585 Thread 0x0000000002ade800 Uncommon trap: reason=unstable_if action=reinterpret pc=0x0000000002d602cc method=java.lang.String.indexOf([CII[CIII)I @ 3
Event: 0.736 Thread 0x0000000002ade800 Uncommon trap: reason=unstable_if action=reinterpret pc=0x0000000002e9b8f4 method=org.codehaus.plexus.util.xml.pull.MXParser.nextImpl()I @ 200
Event: 0.754 Thread 0x0000000002ade800 Uncommon trap: reason=unstable_if action=reinterpret pc=0x0000000002eafbdc method=org.codehaus.plexus.util.xml.pull.MXParser.nextImpl()I @ 241
Event: 0.781 Thread 0x0000000002ade800 Uncommon trap: reason=unstable_if action=reinterpret pc=0x0000000002e488dc method=java.util.HashMap.getNode(ILjava/lang/Object;)Ljava/util/HashMap$Node; @ 129
Event: 0.781 Thread 0x0000000002ade800 Uncommon trap: reason=unstable_if action=reinterpret pc=0x0000000002e41204 method=java.util.HashMap.getNode(ILjava/lang/Object;)Ljava/util/HashMap$Node; @ 129
Event: 0.786 Thread 0x0000000002ade800 Uncommon trap: reason=range_check action=make_not_entrant pc=0x0000000002ee8f28 method=sun.reflect.generics.parser.SignatureParser.current()C @ 34

Internal exceptions (10 events):
Event: 0.499 Thread 0x0000000002ade800 Exception <a 'java/security/PrivilegedActionException'> (0x00000007420ed420) thrown at [C:\re\workspace\8-2-build-windows-amd64-cygwin\jdk8u151\9699\hotspot\src\share\vm\prims\jvm.cpp, line 1390]
Event: 0.683 Thread 0x0000000002ade800 Exception <a 'java/lang/ArrayIndexOutOfBoundsException'> (0x0000000743011778) thrown at [C:\re\workspace\8-2-build-windows-amd64-cygwin\jdk8u151\9699\hotspot\src\share\vm\runtime\sharedRuntime.cpp, line 605]
Event: 0.684 Thread 0x0000000002ade800 Exception <a 'java/lang/ArrayIndexOutOfBoundsException'> (0x000000074302f180) thrown at [C:\re\workspace\8-2-build-windows-amd64-cygwin\jdk8u151\9699\hotspot\src\share\vm\runtime\sharedRuntime.cpp, line 605]
Event: 0.687 Thread 0x0000000002ade800 Exception <a 'java/lang/ArrayIndexOutOfBoundsException'> (0x0000000743073938) thrown at [C:\re\workspace\8-2-build-windows-amd64-cygwin\jdk8u151\9699\hotspot\src\share\vm\runtime\sharedRuntime.cpp, line 605]
Event: 0.758 Thread 0x0000000002ade800 Exception <a 'java/lang/ArrayIndexOutOfBoundsException'> (0x0000000743aafe60) thrown at [C:\re\workspace\8-2-build-windows-amd64-cygwin\jdk8u151\9699\hotspot\src\share\vm\runtime\sharedRuntime.cpp, line 605]
Event: 0.759 Thread 0x0000000002ade800 Exception <a 'java/lang/ArrayIndexOutOfBoundsException'> (0x0000000743ab19f0) thrown at [C:\re\workspace\8-2-build-windows-amd64-cygwin\jdk8u151\9699\hotspot\src\share\vm\runtime\sharedRuntime.cpp, line 605]
Event: 0.786 Thread 0x0000000002ade800 Exception <a 'java/lang/ArrayIndexOutOfBoundsException': 66> (0x0000000743dc9f10) thrown at [C:\re\workspace\8-2-build-windows-amd64-cygwin\jdk8u151\9699\hotspot\src\share\vm\interpreter\interpreterRuntime.cpp, line 366]
Event: 1.075 Thread 0x0000000002ade800 Exception <a 'java/lang/NoClassDefFoundError': com/google/inject/servlet/ServletModuleTargetVisitor> (0x0000000746865fc8) thrown at [C:\re\workspace\8-2-build-windows-amd64-cygwin\jdk8u151\9699\hotspot\src\share\vm\classfile\systemDictionary.cpp, line 199
Event: 1.075 Thread 0x0000000002ade800 Exception <a 'java/lang/NoClassDefFoundError'> (0x0000000746865fc8) thrown at [C:\re\workspace\8-2-build-windows-amd64-cygwin\jdk8u151\9699\hotspot\src\share\vm\prims\jvm.cpp, line 1394]
Event: 1.075 Thread 0x0000000002ade800 Exception <a 'java/lang/NoClassDefFoundError': javax/annotation/Priority> (0x000000074686b038) thrown at [C:\re\workspace\8-2-build-windows-amd64-cygwin\jdk8u151\9699\hotspot\src\share\vm\classfile\systemDictionary.cpp, line 199]

Events (10 events):
Event: 1.112 Executing VM operation: Deoptimize
Event: 1.112 Executing VM operation: Deoptimize done
Event: 1.112 loading class com/google/inject/internal/BytecodeGen
Event: 1.112 loading class com/google/inject/internal/BytecodeGen done
Event: 1.113 loading class com/google/inject/internal/BytecodeGen$1
Event: 1.113 loading class com/google/inject/internal/BytecodeGen$1 done
Event: 1.113 loading class com/google/inject/internal/BytecodeGen$BridgeClassLoader
Event: 1.113 loading class com/google/inject/internal/BytecodeGen$BridgeClassLoader done
Event: 1.113 loading class java/lang/reflect/Proxy$Key2
Event: 1.113 loading class java/lang/reflect/Proxy$Key2 done


Dynamic libraries:
0x00007ff7f49e0000 - 0x00007ff7f4a17000 	C:\Program Files\Java\jdk1.8.0_151\bin\java.exe
0x00007ffa33390000 - 0x00007ffa335a7000 	C:\Windows\SYSTEM32\ntdll.dll
0x00007ffa32100000 - 0x00007ffa321c4000 	C:\Windows\System32\KERNEL32.DLL
0x00007ffa30c10000 - 0x00007ffa30fca000 	C:\Windows\System32\KERNELBASE.dll
0x00007ffa31270000 - 0x00007ffa31322000 	C:\Windows\System32\ADVAPI32.dll
0x00007ffa31d30000 - 0x00007ffa31dd7000 	C:\Windows\System32\msvcrt.dll
0x00007ffa33160000 - 0x00007ffa33207000 	C:\Windows\System32\sechost.dll
0x00007ffa30fd0000 - 0x00007ffa30ff8000 	C:\Windows\System32\bcrypt.dll
0x00007ffa31bf0000 - 0x00007ffa31d04000 	C:\Windows\System32\RPCRT4.dll
0x00007ffa31de0000 - 0x00007ffa31f8e000 	C:\Windows\System32\USER32.dll
0x00007ffa30be0000 - 0x00007ffa30c06000 	C:\Windows\System32\win32u.dll
0x00007ffa31bb0000 - 0x00007ffa31bd9000 	C:\Windows\System32\GDI32.dll
0x00007ffa30950000 - 0x00007ffa30a6b000 	C:\Windows\System32\gdi32full.dll
0x00007ffa30710000 - 0x00007ffa307aa000 	C:\Windows\System32\msvcp_win.dll
0x00007ffa307b0000 - 0x00007ffa308c1000 	C:\Windows\System32\ucrtbase.dll
0x00007ffa1cc00000 - 0x00007ffa1ce92000 	C:\Windows\WinSxS\amd64_microsoft.windows.common-controls_6595b64144ccf1df_6.0.22621.4541_none_2710d1c57384c085\COMCTL32.dll
0x00007ffa32b20000 - 0x00007ffa32b51000 	C:\Windows\System32\IMM32.DLL
0x00007ff9fa5a0000 - 0x00007ff9fa651000 	C:\Program Files\McAfee\Endpoint Security\Threat Prevention\Ips\EpMPApi.dll
0x00007ffa31000000 - 0x00007ffa31072000 	C:\Windows\System32\WINTRUST.dll
0x00007ffa30a70000 - 0x00007ffa30bd6000 	C:\Windows\System32\CRYPT32.dll
0x00007ffa2fe00000 - 0x00007ffa2fe12000 	C:\Windows\SYSTEM32\MSASN1.dll
0x000000006a7f0000 - 0x000000006a7fc000 	C:\Program Files\McAfee\Endpoint Security\Threat Prevention\Ips\EpMPThe.dll
0x00007ffa067c0000 - 0x00007ffa0681b000 	C:\Program Files\McAfee\Endpoint Security\Threat Prevention\Ips\HIPHandlers64.dll
0x00007ffa32250000 - 0x00007ffa32ac9000 	C:\Windows\System32\SHELL32.dll
0x00007ffa321f0000 - 0x00007ffa3224e000 	C:\Windows\System32\SHLWAPI.dll
0x00007ffa2dc80000 - 0x00007ffa2deb2000 	C:\Windows\SYSTEM32\dbghelp.dll
0x00007ffa31800000 - 0x00007ffa31b91000 	C:\Windows\System32\combase.dll
0x00007ffa2eec0000 - 0x00007ffa2eeed000 	C:\Windows\SYSTEM32\IPHLPAPI.DLL
0x00007ffa32020000 - 0x00007ffa320f7000 	C:\Windows\System32\OLEAUT32.dll
0x0000000069da0000 - 0x0000000069e72000 	C:\Program Files\Java\jdk1.8.0_151\jre\bin\msvcr100.dll
0x0000000069e80000 - 0x000000006a71d000 	C:\Program Files\Java\jdk1.8.0_151\jre\bin\server\jvm.dll
0x00007ffa32c60000 - 0x00007ffa32c68000 	C:\Windows\System32\PSAPI.DLL
0x00007ffa28320000 - 0x00007ffa28354000 	C:\Windows\SYSTEM32\WINMM.dll
0x00007ffa1c3f0000 - 0x00007ffa1c3f9000 	C:\Windows\SYSTEM32\WSOCK32.dll
0x00007ffa31080000 - 0x00007ffa310f1000 	C:\Windows\System32\WS2_32.dll
0x00007ffa25e00000 - 0x00007ffa25e0a000 	C:\Windows\SYSTEM32\VERSION.dll
0x0000000069d50000 - 0x0000000069d5f000 	C:\Program Files\Java\jdk1.8.0_151\jre\bin\verify.dll
0x0000000069d20000 - 0x0000000069d49000 	C:\Program Files\Java\jdk1.8.0_151\jre\bin\java.dll
0x0000000069d00000 - 0x0000000069d16000 	C:\Program Files\Java\jdk1.8.0_151\jre\bin\zip.dll
0x00007ffa2e360000 - 0x00007ffa2ec69000 	C:\Windows\SYSTEM32\windows.storage.dll
0x00007ffa2e220000 - 0x00007ffa2e35f000 	C:\Windows\SYSTEM32\wintypes.dll
0x00007ffa32b60000 - 0x00007ffa32c5a000 	C:\Windows\System32\SHCORE.dll
0x00007ffa30580000 - 0x00007ffa305ab000 	C:\Windows\SYSTEM32\profapi.dll
0x00007ffa283b0000 - 0x00007ffa283ba000 	C:\Program Files\NetBeans-12.2\netbeans\java\maven\lib\jansi-native\windows64\jansi.dll

VM Arguments:
jvm_args: -Dclassworlds.conf=C:\Program Files\NetBeans-12.2\netbeans\java\maven\bin\..\bin\m2.conf -Dmaven.home=C:\Program Files\NetBeans-12.2\netbeans\java\maven\bin\.. -Dlibrary.jansi.path=C:\Program Files\NetBeans-12.2\netbeans\java\maven\bin\..\lib\jansi-native -Dmaven.multiModuleProjectDirectory=C:\Users\kpaz\Documents\Proyectos\angular\JADM0088 - Restablecimiento de contraseñas\JADM0088B 
java_command: org.codehaus.plexus.classworlds.launcher.Launcher -Dnetbeans.deploy.debugmode=true -Dnetbeans.deploy=true -Dmaven.ext.class.path=C:\Program Files\NetBeans-12.2\netbeans\java\maven-nblib\netbeans-eventspy.jar -Dfile.encoding=UTF-8 package
java_class_path (initial): C:\Program Files\NetBeans-12.2\netbeans\java\maven\bin\..\boot\plexus-classworlds-2.6.0.jar
Launcher Type: SUN_STANDARD

Environment Variables:
JAVA_HOME=C:\Program Files\Java\jdk1.8.0_151
PATH=C:\ProgramData\Oracle\Java\javapath;C:\Program Files\Java\jdk1.8.0_202\bin;C:\Program Files\Java\jdk1.8.0_202;C:\Program Files\Java\jre1.8.0_202;C:\orawin11g\jacharry\product\11.2.0\client_1\bin;C:\Oracle\jdk\jre\bin\classic;C:\Oracle\jdk\jre\bin;C:\Oracle\jdk\jre\bin\client;C:\Oracle\jlib;C:\Oracle\bin;C:\Oracle\jre\1.4.2\bin\client;C:\Oracle\jre\1.4.2\bin;C:\Program Files (x86)\Common Files\Oracle\Java\javapath;C:\Windows\system32;C:\Windows;C:\Windows\System32\Wbem;C:\Windows\System32\WindowsPowerShell\v1.0\;C:\Windows\System32\OpenSSH\;C:\Program Files\nodejs\;C:\Program Files\Git\cmd;C:\Users\kpaz\AppData\Roaming\npm;C:\Program Files\nodejs;C:\Program Files\apache-maven-3.8.8\bin;%MAVEN_HOME%\bin;C:\Program Files\Java\jdk1.8.0_202;C:\Program Files\Java\jre1.8.0_202;C:\Users\kpaz\AppData\Local\Microsoft\WindowsApps;C:\Users\kpaz\AppData\Local\Programs\Microsoft VS Code\bin;C:\Users\kpaz\AppData\Roaming\npm;C:\Program Files\nodejs;C:\Program Files\apache-maven-3.8.8\bin;%MAVEN_HOME%\bin;C:\Program Files\Java\jdk1.8.0_202\bin;
USERNAME=kpaz
OS=Windows_NT
PROCESSOR_IDENTIFIER=Intel64 Family 6 Model 186 Stepping 3, GenuineIntel



---------------  S Y S T E M  ---------------

OS: Windows 10.0 , 64 bit Build 22621 (10.0.22621.4391)

CPU:total 12 (initial active 12) (6 cores per cpu, 2 threads per core) family 6 model 186 stepping 3, cmov, cx8, fxsr, mmx, sse, sse2, sse3, ssse3, sse4.1, sse4.2, popcnt, avx, avx2, aes, clmul, erms, 3dnowpref, lzcnt, ht, tsc, tscinvbit, bmi1, bmi2, adx

Memory: 4k page, physical 24831140k(1874560k free), swap 29015204k(5328k free)

vm_info: Java HotSpot(TM) 64-Bit Server VM (25.151-b12) for windows-amd64 JRE (1.8.0_151-b12), built on Sep  5 2017 19:33:46 by "java_re" with MS VC++ 10.0 (VS2010)

time: Mon Feb 03 08:25:24 2025
elapsed time: 1 seconds (0d 0h 0m 1s)

